Godot Engine v4.6.2.stable.official.71f334935 - https://godotengine.org
Vulkan 1.4.303 - Forward+ - Using Device #0: NVIDIA - NVIDIA GeForce RTX 4050 Laptop GPU

RIG_AUDIT_SNAP C:/Users/agall/projects/un_party_game/verify_out/rig_audit/01_groundskeeper_idle_phase_0.png
RIG_AUDIT_SNAP C:/Users/agall/projects/un_party_game/verify_out/rig_audit/01_groundskeeper_idle_phase_1.png
RIG_AUDIT_SNAP C:/Users/agall/projects/un_party_game/verify_out/rig_audit/01_groundskeeper_idle_phase_2.png
RIG_AUDIT_SNAP C:/Users/agall/projects/un_party_game/verify_out/rig_audit/02_mourner_elderly_idle_phase_0.png
RIG_AUDIT_SNAP C:/Users/agall/projects/un_party_game/verify_out/rig_audit/02_mourner_elderly_idle_phase_1.png
RIG_AUDIT_SNAP C:/Users/agall/projects/un_party_game/verify_out/rig_audit/02_mourner_elderly_idle_phase_2.png
RIG_AUDIT_SNAP C:/Users/agall/projects/un_party_game/verify_out/rig_audit/03_mourner_hooded_idle_phase_0.png
RIG_AUDIT_SNAP C:/Users/agall/projects/un_party_game/verify_out/rig_audit/03_mourner_hooded_idle_phase_1.png
RIG_AUDIT_SNAP C:/Users/agall/projects/un_party_game/verify_out/rig_audit/03_mourner_hooded_idle_phase_2.png
RIG_AUDIT_SNAP C:/Users/agall/projects/un_party_game/verify_out/rig_audit/04_mourner_hooded_bow_phase_0.png
RIG_AUDIT_SNAP C:/Users/agall/projects/un_party_game/verify_out/rig_audit/04_mourner_hooded_bow_phase_1.png
RIG_AUDIT_SNAP C:/Users/agall/projects/un_party_game/verify_out/rig_audit/04_mourner_hooded_bow_phase_2.png
RIG_AUDIT_SNAP C:/Users/agall/projects/un_party_game/verify_out/rig_audit/05_reaper_walk_phase_0.png
RIG_AUDIT_SNAP C:/Users/agall/projects/un_party_game/verify_out/rig_audit/05_reaper_walk_phase_1.png
RIG_AUDIT_SNAP C:/Users/agall/projects/un_party_game/verify_out/rig_audit/05_reaper_walk_phase_2.png
RIG_AUDIT_SNAP C:/Users/agall/projects/un_party_game/verify_out/rig_audit/06_reaper_sweep_phase_0.png
RIG_AUDIT_SNAP C:/Users/agall/projects/un_party_game/verify_out/rig_audit/06_reaper_sweep_phase_1.png
RIG_AUDIT_SNAP C:/Users/agall/projects/un_party_game/verify_out/rig_audit/06_reaper_sweep_phase_2.png
RIG_AUDIT_SNAP C:/Users/agall/projects/un_party_game/verify_out/rig_audit/07_ferryman_idle_phase_0.png
RIG_AUDIT_SNAP C:/Users/agall/projects/un_party_game/verify_out/rig_audit/07_ferryman_idle_phase_1.png
RIG_AUDIT_SNAP C:/Users/agall/projects/un_party_game/verify_out/rig_audit/07_ferryman_idle_phase_2.png
RIG_AUDIT_SNAP C:/Users/agall/projects/un_party_game/verify_out/rig_audit/08_gravedigger_idle_phase_0.png
RIG_AUDIT_SNAP C:/Users/agall/projects/un_party_game/verify_out/rig_audit/08_gravedigger_idle_phase_1.png
RIG_AUDIT_SNAP C:/Users/agall/projects/un_party_game/verify_out/rig_audit/08_gravedigger_idle_phase_2.png
RIG_AUDIT_SNAP C:/Users/agall/projects/un_party_game/verify_out/rig_audit/09_widow_idle_phase_0.png
RIG_AUDIT_SNAP C:/Users/agall/projects/un_party_game/verify_out/rig_audit/09_widow_idle_phase_1.png
RIG_AUDIT_SNAP C:/Users/agall/projects/un_party_game/verify_out/rig_audit/09_widow_idle_phase_2.png
RIG_AUDIT_DONE
