Godot Engine v4.6.2.stable.official.71f334935 - https://godotengine.org

ERROR: Condition "primitive != Mesh::PRIMITIVE_TRIANGLES" is true.
   at: generate_normals (scene/resources/surface_tool.cpp:1187)
   GDScript backtrace (most recent call first):
       [0] _ribbon (res://estate/procession/grounds.gd:572)
       [1] _build_path (res://estate/procession/grounds.gd:531)
       [2] build_all (res://estate/procession/grounds.gd:379)
       [3] build (res://estate/procession/board_graph.gd:554)
       [4] _mount_world (res://estate/estate.gd:182)
       [5] _ready (res://estate/estate.gd:192)
ERROR: Condition "primitive != Mesh::PRIMITIVE_TRIANGLES" is true.
   at: generate_normals (scene/resources/surface_tool.cpp:1187)
   GDScript backtrace (most recent call first):
       [0] _ribbon (res://estate/procession/grounds.gd:572)
       [1] _build_path (res://estate/procession/grounds.gd:533)
       [2] build_all (res://estate/procession/grounds.gd:379)
       [3] build (res://estate/procession/board_graph.gd:554)
       [4] _mount_world (res://estate/estate.gd:182)
       [5] _ready (res://estate/estate.gd:192)
ERROR: Condition "primitive != Mesh::PRIMITIVE_TRIANGLES" is true.
   at: generate_normals (scene/resources/surface_tool.cpp:1187)
   GDScript backtrace (most recent call first):
       [0] _ribbon (res://estate/procession/grounds.gd:572)
       [1] _build_path (res://estate/procession/grounds.gd:531)
       [2] build_all (res://estate/procession/grounds.gd:379)
       [3] build (res://estate/procession/board_graph.gd:554)
       [4] _mount_world (res://estate/estate.gd:182)
       [5] _ready (res://estate/estate.gd:192)
ERROR: Condition "primitive != Mesh::PRIMITIVE_TRIANGLES" is true.
   at: generate_normals (scene/resources/surface_tool.cpp:1187)
   GDScript backtrace (most recent call first):
       [0] _ribbon (res://estate/procession/grounds.gd:572)
       [1] _build_path (res://estate/procession/grounds.gd:531)
       [2] build_all (res://estate/procession/grounds.gd:379)
       [3] build (res://estate/procession/board_graph.gd:554)
       [4] _mount_world (res://estate/estate.gd:182)
       [5] _ready (res://estate/estate.gd:192)
ERROR: Condition "primitive != Mesh::PRIMITIVE_TRIANGLES" is true.
   at: generate_normals (scene/resources/surface_tool.cpp:1187)
   GDScript backtrace (most recent call first):
       [0] _ribbon (res://estate/procession/grounds.gd:572)
       [1] _build_path (res://estate/procession/grounds.gd:531)
       [2] build_all (res://estate/procession/grounds.gd:379)
       [3] build (res://estate/procession/board_graph.gd:554)
       [4] _mount_world (res://estate/estate.gd:182)
       [5] _ready (res://estate/estate.gd:192)
ERROR: Condition "primitive != Mesh::PRIMITIVE_TRIANGLES" is true.
   at: generate_normals (scene/resources/surface_tool.cpp:1187)
   GDScript backtrace (most recent call first):
       [0] _ribbon (res://estate/procession/grounds.gd:572)
       [1] _build_path (res://estate/procession/grounds.gd:535)
       [2] build_all (res://estate/procession/grounds.gd:379)
       [3] build (res://estate/procession/board_graph.gd:554)
       [4] _mount_world (res://estate/estate.gd:182)
       [5] _ready (res://estate/estate.gd:192)
ERROR: Condition "primitive != Mesh::PRIMITIVE_TRIANGLES" is true.
   at: generate_normals (scene/resources/surface_tool.cpp:1187)
   GDScript backtrace (most recent call first):
       [0] _ribbon (res://estate/procession/grounds.gd:572)
       [1] _build_path (res://estate/procession/grounds.gd:535)
       [2] build_all (res://estate/procession/grounds.gd:379)
       [3] build (res://estate/procession/board_graph.gd:554)
       [4] _mount_world (res://estate/estate.gd:182)
       [5] _ready (res://estate/estate.gd:192)
ERROR: Condition "primitive != Mesh::PRIMITIVE_TRIANGLES" is true.
   at: generate_normals (scene/resources/surface_tool.cpp:1187)
   GDScript backtrace (most recent call first):
       [0] _ribbon (res://estate/procession/grounds.gd:572)
       [1] _causeway (res://estate/procession/grounds.gd:626)
       [2] _build_path (res://estate/procession/grounds.gd:537)
       [3] build_all (res://estate/procession/grounds.gd:379)
       [4] build (res://estate/procession/board_graph.gd:554)
       [5] _mount_world (res://estate/estate.gd:182)
       [6] _ready (res://estate/estate.gd:192)
ERROR: Condition "primitive != Mesh::PRIMITIVE_TRIANGLES" is true.
   at: generate_normals (scene/resources/surface_tool.cpp:1187)
   GDScript backtrace (most recent call first):
       [0] _ribbon (res://estate/procession/grounds.gd:572)
       [1] _causeway (res://estate/procession/grounds.gd:626)
       [2] _build_path (res://estate/procession/grounds.gd:537)
       [3] build_all (res://estate/procession/grounds.gd:379)
       [4] build (res://estate/procession/board_graph.gd:554)
       [5] _mount_world (res://estate/estate.gd:182)
       [6] _ready (res://estate/estate.gd:192)
ERROR: Condition "primitive != Mesh::PRIMITIVE_TRIANGLES" is true.
   at: generate_normals (scene/resources/surface_tool.cpp:1187)
   GDScript backtrace (most recent call first):
       [0] _ribbon (res://estate/procession/grounds.gd:572)
       [1] _causeway (res://estate/procession/grounds.gd:626)
       [2] _build_path (res://estate/procession/grounds.gd:537)
       [3] build_all (res://estate/procession/grounds.gd:379)
       [4] build (res://estate/procession/board_graph.gd:554)
       [5] _mount_world (res://estate/estate.gd:182)
       [6] _ready (res://estate/estate.gd:192)
ERROR: Condition "primitive != Mesh::PRIMITIVE_TRIANGLES" is true.
   at: generate_normals (scene/resources/surface_tool.cpp:1187)
   GDScript backtrace (most recent call first):
       [0] _ribbon (res://estate/procession/grounds.gd:572)
       [1] _causeway (res://estate/procession/grounds.gd:626)
       [2] _build_path (res://estate/procession/grounds.gd:537)
       [3] build_all (res://estate/procession/grounds.gd:379)
       [4] build (res://estate/procession/board_graph.gd:554)
       [5] _mount_world (res://estate/estate.gd:182)
       [6] _ready (res://estate/estate.gd:192)
AMBIENT_RIGGED groundskeeper <- res://assets/models/meshy/generated/npc_groundskeeper_idle.glb
AMBIENT_RIGGED mourner <- ["res://assets/models/meshy/generated/npc_mourner_elderly_idle.glb"]
AMBIENT_RIGGED mourner <- ["res://assets/models/meshy/generated/npc_mourner_hooded_bow.glb", "res://assets/models/meshy/generated/npc_mourner_hooded_idle.glb"]
PROCESSION_BOOT swapped main scene -> res://estate/procession/procession.tscn
BOARDGRAPH board=estate_procession nodes=76 edges=79
BOARDGRAPH route=GARDEN ROW len=27 (a=12 b=13) walked_gate_to_gate=32
BOARDGRAPH route=HOLLOW WOODS len=23 (a=10 b=11) walked_gate_to_gate=28
BOARDGRAPH route=WEEPING VALLEY len=25 (a=12 b=11) walked_gate_to_gate=30
BOARDGRAPH types blank=32(42.1%) offering=14(18.4%) seance=12(15.8%) grave_goods=7(9.2%) open_grave=4(5.3%) ferry_toll=3(3.9%) cart=1(1.3%) crossroads=2(2.6%) gate=1(1.3%)
BOARDGRAPH dist lychgate=27 fork1=25 fork2=14 merge=2 gate=0
BOARDGRAPH dist_all 0:27 1:26 2:25 3:26 4:25 5:24 6:23 7:22 8:21 9:20 10:19 11:18 12:17 13:16 14:15 15:24 16:23 17:22 18:21 19:20 20:19 21:18 22:17 23:16 24:15 25:26 26:25 27:24 28:23 29:22 30:21 31:20 32:19 33:18 34:17 35:16 36:15 37:14 38:15 39:14 40:13 41:12 42:11 43:10 44:9 45:8 46:7 47:6 48:5 49:4 50:3 51:13 52:12 53:11 54:10 55:9 56:8 57:7 58:6 59:5 60:4 61:3 62:13 63:12 64:11 65:10 66:9 67:8 68:7 69:6 70:5 71:4 72:3 73:2 74:1 75:0
BOARDGRAPH reach fork1->garden=OK
BOARDGRAPH reach fork1->hollow=OK
BOARDGRAPH reach fork1->valley=OK
BOARDGRAPH reach fork2->garden=OK
BOARDGRAPH reach fork2->hollow=OK
BOARDGRAPH reach fork2->valley=OK
BOARDGRAPH checksum=b269c570
BOARDGRAPH_OK
WARNING: ObjectDB instances leaked at exit (run with --verbose for details).
   at: cleanup (core/object/object.cpp:2641)
ERROR: 6 resources still in use at exit (run with --verbose for details).
   at: clear (core/io/resource.cpp:810)
