Godot Engine v4.6.2.stable.official.71f334935 - https://godotengine.org
Vulkan 1.4.303 - Forward+ - Using Device #0: NVIDIA - NVIDIA GeForce RTX 4050 Laptop GPU

ERROR: Condition "primitive != Mesh::PRIMITIVE_TRIANGLES" is true.
   at: generate_normals (scene/resources/surface_tool.cpp:1187)
   GDScript backtrace (most recent call first):
       [0] _ribbon (res://estate/procession/grounds.gd:572)
       [1] _build_path (res://estate/procession/grounds.gd:531)
       [2] build_all (res://estate/procession/grounds.gd:379)
       [3] build (res://estate/procession/board_graph.gd:554)
       [4] _mount_world (res://estate/estate.gd:182)
       [5] _ready (res://estate/estate.gd:192)
ERROR: Condition "primitive != Mesh::PRIMITIVE_TRIANGLES" is true.
   at: generate_normals (scene/resources/surface_tool.cpp:1187)
   GDScript backtrace (most recent call first):
       [0] _ribbon (res://estate/procession/grounds.gd:572)
       [1] _build_path (res://estate/procession/grounds.gd:533)
       [2] build_all (res://estate/procession/grounds.gd:379)
       [3] build (res://estate/procession/board_graph.gd:554)
       [4] _mount_world (res://estate/estate.gd:182)
       [5] _ready (res://estate/estate.gd:192)
ERROR: Condition "primitive != Mesh::PRIMITIVE_TRIANGLES" is true.
   at: generate_normals (scene/resources/surface_tool.cpp:1187)
   GDScript backtrace (most recent call first):
       [0] _ribbon (res://estate/procession/grounds.gd:572)
       [1] _build_path (res://estate/procession/grounds.gd:531)
       [2] build_all (res://estate/procession/grounds.gd:379)
       [3] build (res://estate/procession/board_graph.gd:554)
       [4] _mount_world (res://estate/estate.gd:182)
       [5] _ready (res://estate/estate.gd:192)
ERROR: Condition "primitive != Mesh::PRIMITIVE_TRIANGLES" is true.
   at: generate_normals (scene/resources/surface_tool.cpp:1187)
   GDScript backtrace (most recent call first):
       [0] _ribbon (res://estate/procession/grounds.gd:572)
       [1] _build_path (res://estate/procession/grounds.gd:531)
       [2] build_all (res://estate/procession/grounds.gd:379)
       [3] build (res://estate/procession/board_graph.gd:554)
       [4] _mount_world (res://estate/estate.gd:182)
       [5] _ready (res://estate/estate.gd:192)
ERROR: Condition "primitive != Mesh::PRIMITIVE_TRIANGLES" is true.
   at: generate_normals (scene/resources/surface_tool.cpp:1187)
   GDScript backtrace (most recent call first):
       [0] _ribbon (res://estate/procession/grounds.gd:572)
       [1] _build_path (res://estate/procession/grounds.gd:531)
       [2] build_all (res://estate/procession/grounds.gd:379)
       [3] build (res://estate/procession/board_graph.gd:554)
       [4] _mount_world (res://estate/estate.gd:182)
       [5] _ready (res://estate/estate.gd:192)
ERROR: Condition "primitive != Mesh::PRIMITIVE_TRIANGLES" is true.
   at: generate_normals (scene/resources/surface_tool.cpp:1187)
   GDScript backtrace (most recent call first):
       [0] _ribbon (res://estate/procession/grounds.gd:572)
       [1] _build_path (res://estate/procession/grounds.gd:535)
       [2] build_all (res://estate/procession/grounds.gd:379)
       [3] build (res://estate/procession/board_graph.gd:554)
       [4] _mount_world (res://estate/estate.gd:182)
       [5] _ready (res://estate/estate.gd:192)
ERROR: Condition "primitive != Mesh::PRIMITIVE_TRIANGLES" is true.
   at: generate_normals (scene/resources/surface_tool.cpp:1187)
   GDScript backtrace (most recent call first):
       [0] _ribbon (res://estate/procession/grounds.gd:572)
       [1] _build_path (res://estate/procession/grounds.gd:535)
       [2] build_all (res://estate/procession/grounds.gd:379)
       [3] build (res://estate/procession/board_graph.gd:554)
       [4] _mount_world (res://estate/estate.gd:182)
       [5] _ready (res://estate/estate.gd:192)
ERROR: Condition "primitive != Mesh::PRIMITIVE_TRIANGLES" is true.
   at: generate_normals (scene/resources/surface_tool.cpp:1187)
   GDScript backtrace (most recent call first):
       [0] _ribbon (res://estate/procession/grounds.gd:572)
       [1] _causeway (res://estate/procession/grounds.gd:626)
       [2] _build_path (res://estate/procession/grounds.gd:537)
       [3] build_all (res://estate/procession/grounds.gd:379)
       [4] build (res://estate/procession/board_graph.gd:554)
       [5] _mount_world (res://estate/estate.gd:182)
       [6] _ready (res://estate/estate.gd:192)
ERROR: Condition "primitive != Mesh::PRIMITIVE_TRIANGLES" is true.
   at: generate_normals (scene/resources/surface_tool.cpp:1187)
   GDScript backtrace (most recent call first):
       [0] _ribbon (res://estate/procession/grounds.gd:572)
       [1] _causeway (res://estate/procession/grounds.gd:626)
       [2] _build_path (res://estate/procession/grounds.gd:537)
       [3] build_all (res://estate/procession/grounds.gd:379)
       [4] build (res://estate/procession/board_graph.gd:554)
       [5] _mount_world (res://estate/estate.gd:182)
       [6] _ready (res://estate/estate.gd:192)
ERROR: Condition "primitive != Mesh::PRIMITIVE_TRIANGLES" is true.
   at: generate_normals (scene/resources/surface_tool.cpp:1187)
   GDScript backtrace (most recent call first):
       [0] _ribbon (res://estate/procession/grounds.gd:572)
       [1] _causeway (res://estate/procession/grounds.gd:626)
       [2] _build_path (res://estate/procession/grounds.gd:537)
       [3] build_all (res://estate/procession/grounds.gd:379)
       [4] build (res://estate/procession/board_graph.gd:554)
       [5] _mount_world (res://estate/estate.gd:182)
       [6] _ready (res://estate/estate.gd:192)
ERROR: Condition "primitive != Mesh::PRIMITIVE_TRIANGLES" is true.
   at: generate_normals (scene/resources/surface_tool.cpp:1187)
   GDScript backtrace (most recent call first):
       [0] _ribbon (res://estate/procession/grounds.gd:572)
       [1] _causeway (res://estate/procession/grounds.gd:626)
       [2] _build_path (res://estate/procession/grounds.gd:537)
       [3] build_all (res://estate/procession/grounds.gd:379)
       [4] build (res://estate/procession/board_graph.gd:554)
       [5] _mount_world (res://estate/estate.gd:182)
       [6] _ready (res://estate/estate.gd:192)
