Godot Engine v4.6.2.stable.official.71f334935 - https://godotengine.org

ERROR: Condition "primitive != Mesh::PRIMITIVE_TRIANGLES" is true.
   at: generate_normals (scene/resources/surface_tool.cpp:1187)
   GDScript backtrace (most recent call first):
       [0] _ribbon (res://estate/procession/grounds.gd:552)
       [1] _build_path (res://estate/procession/grounds.gd:511)
       [2] build_all (res://estate/procession/grounds.gd:360)
       [3] build (res://estate/procession/board_graph.gd:554)
       [4] _mount_world (res://estate/estate.gd:182)
       [5] _ready (res://estate/estate.gd:192)
ERROR: Condition "primitive != Mesh::PRIMITIVE_TRIANGLES" is true.
   at: generate_normals (scene/resources/surface_tool.cpp:1187)
   GDScript backtrace (most recent call first):
       [0] _ribbon (res://estate/procession/grounds.gd:552)
       [1] _build_path (res://estate/procession/grounds.gd:513)
       [2] build_all (res://estate/procession/grounds.gd:360)
       [3] build (res://estate/procession/board_graph.gd:554)
       [4] _mount_world (res://estate/estate.gd:182)
       [5] _ready (res://estate/estate.gd:192)
ERROR: Condition "primitive != Mesh::PRIMITIVE_TRIANGLES" is true.
   at: generate_normals (scene/resources/surface_tool.cpp:1187)
   GDScript backtrace (most recent call first):
       [0] _ribbon (res://estate/procession/grounds.gd:552)
       [1] _build_path (res://estate/procession/grounds.gd:511)
       [2] build_all (res://estate/procession/grounds.gd:360)
       [3] build (res://estate/procession/board_graph.gd:554)
       [4] _mount_world (res://estate/estate.gd:182)
       [5] _ready (res://estate/estate.gd:192)
ERROR: Condition "primitive != Mesh::PRIMITIVE_TRIANGLES" is true.
   at: generate_normals (scene/resources/surface_tool.cpp:1187)
   GDScript backtrace (most recent call first):
       [0] _ribbon (res://estate/procession/grounds.gd:552)
       [1] _build_path (res://estate/procession/grounds.gd:511)
       [2] build_all (res://estate/procession/grounds.gd:360)
       [3] build (res://estate/procession/board_graph.gd:554)
       [4] _mount_world (res://estate/estate.gd:182)
       [5] _ready (res://estate/estate.gd:192)
ERROR: Condition "primitive != Mesh::PRIMITIVE_TRIANGLES" is true.
   at: generate_normals (scene/resources/surface_tool.cpp:1187)
   GDScript backtrace (most recent call first):
       [0] _ribbon (res://estate/procession/grounds.gd:552)
       [1] _build_path (res://estate/procession/grounds.gd:511)
       [2] build_all (res://estate/procession/grounds.gd:360)
       [3] build (res://estate/procession/board_graph.gd:554)
       [4] _mount_world (res://estate/estate.gd:182)
       [5] _ready (res://estate/estate.gd:192)
ERROR: Condition "primitive != Mesh::PRIMITIVE_TRIANGLES" is true.
   at: generate_normals (scene/resources/surface_tool.cpp:1187)
   GDScript backtrace (most recent call first):
       [0] _ribbon (res://estate/procession/grounds.gd:552)
       [1] _build_path (res://estate/procession/grounds.gd:515)
       [2] build_all (res://estate/procession/grounds.gd:360)
       [3] build (res://estate/procession/board_graph.gd:554)
       [4] _mount_world (res://estate/estate.gd:182)
       [5] _ready (res://estate/estate.gd:192)
ERROR: Condition "primitive != Mesh::PRIMITIVE_TRIANGLES" is true.
   at: generate_normals (scene/resources/surface_tool.cpp:1187)
   GDScript backtrace (most recent call first):
       [0] _ribbon (res://estate/procession/grounds.gd:552)
       [1] _build_path (res://estate/procession/grounds.gd:515)
       [2] build_all (res://estate/procession/grounds.gd:360)
       [3] build (res://estate/procession/board_graph.gd:554)
       [4] _mount_world (res://estate/estate.gd:182)
       [5] _ready (res://estate/estate.gd:192)
ERROR: Condition "primitive != Mesh::PRIMITIVE_TRIANGLES" is true.
   at: generate_normals (scene/resources/surface_tool.cpp:1187)
   GDScript backtrace (most recent call first):
       [0] _ribbon (res://estate/procession/grounds.gd:552)
       [1] _causeway (res://estate/procession/grounds.gd:606)
       [2] _build_path (res://estate/procession/grounds.gd:517)
       [3] build_all (res://estate/procession/grounds.gd:360)
       [4] build (res://estate/procession/board_graph.gd:554)
       [5] _mount_world (res://estate/estate.gd:182)
       [6] _ready (res://estate/estate.gd:192)
ERROR: Condition "primitive != Mesh::PRIMITIVE_TRIANGLES" is true.
   at: generate_normals (scene/resources/surface_tool.cpp:1187)
   GDScript backtrace (most recent call first):
       [0] _ribbon (res://estate/procession/grounds.gd:552)
       [1] _causeway (res://estate/procession/grounds.gd:606)
       [2] _build_path (res://estate/procession/grounds.gd:517)
       [3] build_all (res://estate/procession/grounds.gd:360)
       [4] build (res://estate/procession/board_graph.gd:554)
       [5] _mount_world (res://estate/estate.gd:182)
       [6] _ready (res://estate/estate.gd:192)
ERROR: Condition "primitive != Mesh::PRIMITIVE_TRIANGLES" is true.
   at: generate_normals (scene/resources/surface_tool.cpp:1187)
   GDScript backtrace (most recent call first):
       [0] _ribbon (res://estate/procession/grounds.gd:552)
       [1] _causeway (res://estate/procession/grounds.gd:606)
       [2] _build_path (res://estate/procession/grounds.gd:517)
       [3] build_all (res://estate/procession/grounds.gd:360)
       [4] build (res://estate/procession/board_graph.gd:554)
       [5] _mount_world (res://estate/estate.gd:182)
       [6] _ready (res://estate/estate.gd:192)
ERROR: Condition "primitive != Mesh::PRIMITIVE_TRIANGLES" is true.
   at: generate_normals (scene/resources/surface_tool.cpp:1187)
   GDScript backtrace (most recent call first):
       [0] _ribbon (res://estate/procession/grounds.gd:552)
       [1] _causeway (res://estate/procession/grounds.gd:606)
       [2] _build_path (res://estate/procession/grounds.gd:517)
       [3] build_all (res://estate/procession/grounds.gd:360)
       [4] build (res://estate/procession/board_graph.gd:554)
       [5] _mount_world (res://estate/estate.gd:182)
       [6] _ready (res://estate/estate.gd:192)
AMBIENT_RIGGED groundskeeper <- res://assets/models/meshy/generated/npc_groundskeeper_idle.glb
AMBIENT_RIGGED mourner <- ["res://assets/models/meshy/generated/npc_mourner_elderly_idle.glb"]
AMBIENT_RIGGED mourner <- ["res://assets/models/meshy/generated/npc_mourner_hooded_bow.glb", "res://assets/models/meshy/generated/npc_mourner_hooded_idle.glb"]
PROCESSION_BOOT swapped main scene -> res://estate/procession/procession.tscn
ERROR: Condition "primitive != Mesh::PRIMITIVE_TRIANGLES" is true.
   at: generate_normals (scene/resources/surface_tool.cpp:1187)
   GDScript backtrace (most recent call first):
       [0] _ribbon (res://estate/procession/grounds.gd:552)
       [1] _build_path (res://estate/procession/grounds.gd:511)
       [2] build_all (res://estate/procession/grounds.gd:360)
       [3] build (res://estate/procession/board_graph.gd:554)
       [4] _build_world (res://estate/procession/procession.gd:536)
       [5] _boot (res://estate/procession/procession.gd:343)
       [6] _autostart (res://estate/procession/procession.gd:298)
ERROR: Condition "primitive != Mesh::PRIMITIVE_TRIANGLES" is true.
   at: generate_normals (scene/resources/surface_tool.cpp:1187)
   GDScript backtrace (most recent call first):
       [0] _ribbon (res://estate/procession/grounds.gd:552)
       [1] _build_path (res://estate/procession/grounds.gd:513)
       [2] build_all (res://estate/procession/grounds.gd:360)
       [3] build (res://estate/procession/board_graph.gd:554)
       [4] _build_world (res://estate/procession/procession.gd:536)
       [5] _boot (res://estate/procession/procession.gd:343)
       [6] _autostart (res://estate/procession/procession.gd:298)
ERROR: Condition "primitive != Mesh::PRIMITIVE_TRIANGLES" is true.
   at: generate_normals (scene/resources/surface_tool.cpp:1187)
   GDScript backtrace (most recent call first):
       [0] _ribbon (res://estate/procession/grounds.gd:552)
       [1] _build_path (res://estate/procession/grounds.gd:511)
       [2] build_all (res://estate/procession/grounds.gd:360)
       [3] build (res://estate/procession/board_graph.gd:554)
       [4] _build_world (res://estate/procession/procession.gd:536)
       [5] _boot (res://estate/procession/procession.gd:343)
       [6] _autostart (res://estate/procession/procession.gd:298)
ERROR: Condition "primitive != Mesh::PRIMITIVE_TRIANGLES" is true.
   at: generate_normals (scene/resources/surface_tool.cpp:1187)
   GDScript backtrace (most recent call first):
       [0] _ribbon (res://estate/procession/grounds.gd:552)
       [1] _build_path (res://estate/procession/grounds.gd:511)
       [2] build_all (res://estate/procession/grounds.gd:360)
       [3] build (res://estate/procession/board_graph.gd:554)
       [4] _build_world (res://estate/procession/procession.gd:536)
       [5] _boot (res://estate/procession/procession.gd:343)
       [6] _autostart (res://estate/procession/procession.gd:298)
ERROR: Condition "primitive != Mesh::PRIMITIVE_TRIANGLES" is true.
   at: generate_normals (scene/resources/surface_tool.cpp:1187)
   GDScript backtrace (most recent call first):
       [0] _ribbon (res://estate/procession/grounds.gd:552)
       [1] _build_path (res://estate/procession/grounds.gd:511)
       [2] build_all (res://estate/procession/grounds.gd:360)
       [3] build (res://estate/procession/board_graph.gd:554)
       [4] _build_world (res://estate/procession/procession.gd:536)
       [5] _boot (res://estate/procession/procession.gd:343)
       [6] _autostart (res://estate/procession/procession.gd:298)
ERROR: Condition "primitive != Mesh::PRIMITIVE_TRIANGLES" is true.
   at: generate_normals (scene/resources/surface_tool.cpp:1187)
   GDScript backtrace (most recent call first):
       [0] _ribbon (res://estate/procession/grounds.gd:552)
       [1] _build_path (res://estate/procession/grounds.gd:515)
       [2] build_all (res://estate/procession/grounds.gd:360)
       [3] build (res://estate/procession/board_graph.gd:554)
       [4] _build_world (res://estate/procession/procession.gd:536)
       [5] _boot (res://estate/procession/procession.gd:343)
       [6] _autostart (res://estate/procession/procession.gd:298)
ERROR: Condition "primitive != Mesh::PRIMITIVE_TRIANGLES" is true.
   at: generate_normals (scene/resources/surface_tool.cpp:1187)
   GDScript backtrace (most recent call first):
       [0] _ribbon (res://estate/procession/grounds.gd:552)
       [1] _build_path (res://estate/procession/grounds.gd:515)
       [2] build_all (res://estate/procession/grounds.gd:360)
       [3] build (res://estate/procession/board_graph.gd:554)
       [4] _build_world (res://estate/procession/procession.gd:536)
       [5] _boot (res://estate/procession/procession.gd:343)
       [6] _autostart (res://estate/procession/procession.gd:298)
ERROR: Condition "primitive != Mesh::PRIMITIVE_TRIANGLES" is true.
   at: generate_normals (scene/resources/surface_tool.cpp:1187)
   GDScript backtrace (most recent call first):
       [0] _ribbon (res://estate/procession/grounds.gd:552)
       [1] _causeway (res://estate/procession/grounds.gd:606)
       [2] _build_path (res://estate/procession/grounds.gd:517)
       [3] build_all (res://estate/procession/grounds.gd:360)
       [4] build (res://estate/procession/board_graph.gd:554)
       [5] _build_world (res://estate/procession/procession.gd:536)
       [6] _boot (res://estate/procession/procession.gd:343)
       [7] _autostart (res://estate/procession/procession.gd:298)
ERROR: Condition "primitive != Mesh::PRIMITIVE_TRIANGLES" is true.
   at: generate_normals (scene/resources/surface_tool.cpp:1187)
   GDScript backtrace (most recent call first):
       [0] _ribbon (res://estate/procession/grounds.gd:552)
       [1] _causeway (res://estate/procession/grounds.gd:606)
       [2] _build_path (res://estate/procession/grounds.gd:517)
       [3] build_all (res://estate/procession/grounds.gd:360)
       [4] build (res://estate/procession/board_graph.gd:554)
       [5] _build_world (res://estate/procession/procession.gd:536)
       [6] _boot (res://estate/procession/procession.gd:343)
       [7] _autostart (res://estate/procession/procession.gd:298)
ERROR: Condition "primitive != Mesh::PRIMITIVE_TRIANGLES" is true.
   at: generate_normals (scene/resources/surface_tool.cpp:1187)
   GDScript backtrace (most recent call first):
       [0] _ribbon (res://estate/procession/grounds.gd:552)
       [1] _causeway (res://estate/procession/grounds.gd:606)
       [2] _build_path (res://estate/procession/grounds.gd:517)
       [3] build_all (res://estate/procession/grounds.gd:360)
       [4] build (res://estate/procession/board_graph.gd:554)
       [5] _build_world (res://estate/procession/procession.gd:536)
       [6] _boot (res://estate/procession/procession.gd:343)
       [7] _autostart (res://estate/procession/procession.gd:298)
ERROR: Condition "primitive != Mesh::PRIMITIVE_TRIANGLES" is true.
   at: generate_normals (scene/resources/surface_tool.cpp:1187)
   GDScript backtrace (most recent call first):
       [0] _ribbon (res://estate/procession/grounds.gd:552)
       [1] _causeway (res://estate/procession/grounds.gd:606)
       [2] _build_path (res://estate/procession/grounds.gd:517)
       [3] build_all (res://estate/procession/grounds.gd:360)
       [4] build (res://estate/procession/board_graph.gd:554)
       [5] _build_world (res://estate/procession/procession.gd:536)
       [6] _boot (res://estate/procession/procession.gd:343)
       [7] _autostart (res://estate/procession/procession.gd:298)
PROCESSION boot seed=7 board=estate_procession turn_cap=5 nights=1 players=4 autoplay=true minisim=true
PROCESSION_STIRS major=reaper_shortcut minor=hungry_grave
PROCESSION_STIR_FIRE night=1 round=3 kind=minor id=hungry_grave node=42 site=(30.8,-21.4)
PROCESSION_STIR_FIRE night=1 round=5 kind=major id=reaper_shortcut entry=19 exit=33 stones=[76] site=(-22.0,-3.4)
PROCESSION_NIGHT {"arrivals":[2],"awards":[["longest",2],["generous",-1],["bloodiest",0]],"bell_round":4,"grudge":[10,25,19,17],"letters":[false,false,false,false],"night":1,"rounds":5,"wreaths":[13,5,15,8]}
PROCESSION_MATCH {"board":"estate_procession","board_firsts":[0,0,1,0],"grudge":[10,25,19,17],"heir":2,"heir_name":"GOLD","heirs":[2],"mini_wins":[2,1,0,1],"moved":[26,17,27,26],"nights":1,"seed":7,"src":{"arrival":[5,1,8,3],"award":[4,0,5,1],"liquid":[1,2,1,1],"mini":[4,4,2,4]},"turn_cap":5,"wreaths":[14,7,16,9]}
  seat 0 RED: ⚘14 (arr 5 + mini 4 + awd 4 + liq 1)  10¢  moved=26
  seat 1 BLUE: ⚘7 (arr 1 + mini 4 + awd 0 + liq 2)  25¢  moved=17
  seat 2 GOLD: ⚘16 (arr 8 + mini 2 + awd 5 + liq 1)  19¢  moved=27  HEIR
  seat 3 MINT: ⚘9 (arr 3 + mini 4 + awd 1 + liq 1)  17¢  moved=26
PROCESSION_HEIR GOLD (seed 7, 1 nights)
WARNING: ObjectDB instances leaked at exit (run with --verbose for details).
   at: cleanup (core/object/object.cpp:2641)
ERROR: 6 resources still in use at exit (run with --verbose for details).
   at: clear (core/io/resource.cpp:810)
