Godot Engine v4.6.2.stable.official.71f334935 - https://godotengine.org
Vulkan 1.4.303 - Forward+ - Using Device #0: NVIDIA - NVIDIA GeForce RTX 4050 Laptop GPU

ERROR: Condition "primitive != Mesh::PRIMITIVE_TRIANGLES" is true.
   at: generate_normals (scene/resources/surface_tool.cpp:1187)
   GDScript backtrace (most recent call first):
       [0] _ribbon (res://estate/procession/grounds.gd:572)
       [1] _build_path (res://estate/procession/grounds.gd:531)
       [2] build_all (res://estate/procession/grounds.gd:379)
       [3] build (res://estate/procession/board_graph.gd:554)
       [4] _mount_world (res://estate/estate.gd:182)
       [5] _ready (res://estate/estate.gd:192)
ERROR: Condition "primitive != Mesh::PRIMITIVE_TRIANGLES" is true.
   at: generate_normals (scene/resources/surface_tool.cpp:1187)
   GDScript backtrace (most recent call first):
       [0] _ribbon (res://estate/procession/grounds.gd:572)
       [1] _build_path (res://estate/procession/grounds.gd:533)
       [2] build_all (res://estate/procession/grounds.gd:379)
       [3] build (res://estate/procession/board_graph.gd:554)
       [4] _mount_world (res://estate/estate.gd:182)
       [5] _ready (res://estate/estate.gd:192)
ERROR: Condition "primitive != Mesh::PRIMITIVE_TRIANGLES" is true.
   at: generate_normals (scene/resources/surface_tool.cpp:1187)
   GDScript backtrace (most recent call first):
       [0] _ribbon (res://estate/procession/grounds.gd:572)
       [1] _build_path (res://estate/procession/grounds.gd:531)
       [2] build_all (res://estate/procession/grounds.gd:379)
       [3] build (res://estate/procession/board_graph.gd:554)
       [4] _mount_world (res://estate/estate.gd:182)
       [5] _ready (res://estate/estate.gd:192)
ERROR: Condition "primitive != Mesh::PRIMITIVE_TRIANGLES" is true.
   at: generate_normals (scene/resources/surface_tool.cpp:1187)
   GDScript backtrace (most recent call first):
       [0] _ribbon (res://estate/procession/grounds.gd:572)
       [1] _build_path (res://estate/procession/grounds.gd:531)
       [2] build_all (res://estate/procession/grounds.gd:379)
       [3] build (res://estate/procession/board_graph.gd:554)
       [4] _mount_world (res://estate/estate.gd:182)
       [5] _ready (res://estate/estate.gd:192)
ERROR: Condition "primitive != Mesh::PRIMITIVE_TRIANGLES" is true.
   at: generate_normals (scene/resources/surface_tool.cpp:1187)
   GDScript backtrace (most recent call first):
       [0] _ribbon (res://estate/procession/grounds.gd:572)
       [1] _build_path (res://estate/procession/grounds.gd:531)
       [2] build_all (res://estate/procession/grounds.gd:379)
       [3] build (res://estate/procession/board_graph.gd:554)
       [4] _mount_world (res://estate/estate.gd:182)
       [5] _ready (res://estate/estate.gd:192)
ERROR: Condition "primitive != Mesh::PRIMITIVE_TRIANGLES" is true.
   at: generate_normals (scene/resources/surface_tool.cpp:1187)
   GDScript backtrace (most recent call first):
       [0] _ribbon (res://estate/procession/grounds.gd:572)
       [1] _build_path (res://estate/procession/grounds.gd:535)
       [2] build_all (res://estate/procession/grounds.gd:379)
       [3] build (res://estate/procession/board_graph.gd:554)
       [4] _mount_world (res://estate/estate.gd:182)
       [5] _ready (res://estate/estate.gd:192)
ERROR: Condition "primitive != Mesh::PRIMITIVE_TRIANGLES" is true.
   at: generate_normals (scene/resources/surface_tool.cpp:1187)
   GDScript backtrace (most recent call first):
       [0] _ribbon (res://estate/procession/grounds.gd:572)
       [1] _build_path (res://estate/procession/grounds.gd:535)
       [2] build_all (res://estate/procession/grounds.gd:379)
       [3] build (res://estate/procession/board_graph.gd:554)
       [4] _mount_world (res://estate/estate.gd:182)
       [5] _ready (res://estate/estate.gd:192)
ERROR: Condition "primitive != Mesh::PRIMITIVE_TRIANGLES" is true.
   at: generate_normals (scene/resources/surface_tool.cpp:1187)
   GDScript backtrace (most recent call first):
       [0] _ribbon (res://estate/procession/grounds.gd:572)
       [1] _causeway (res://estate/procession/grounds.gd:626)
       [2] _build_path (res://estate/procession/grounds.gd:537)
       [3] build_all (res://estate/procession/grounds.gd:379)
       [4] build (res://estate/procession/board_graph.gd:554)
       [5] _mount_world (res://estate/estate.gd:182)
       [6] _ready (res://estate/estate.gd:192)
ERROR: Condition "primitive != Mesh::PRIMITIVE_TRIANGLES" is true.
   at: generate_normals (scene/resources/surface_tool.cpp:1187)
   GDScript backtrace (most recent call first):
       [0] _ribbon (res://estate/procession/grounds.gd:572)
       [1] _causeway (res://estate/procession/grounds.gd:626)
       [2] _build_path (res://estate/procession/grounds.gd:537)
       [3] build_all (res://estate/procession/grounds.gd:379)
       [4] build (res://estate/procession/board_graph.gd:554)
       [5] _mount_world (res://estate/estate.gd:182)
       [6] _ready (res://estate/estate.gd:192)
ERROR: Condition "primitive != Mesh::PRIMITIVE_TRIANGLES" is true.
   at: generate_normals (scene/resources/surface_tool.cpp:1187)
   GDScript backtrace (most recent call first):
       [0] _ribbon (res://estate/procession/grounds.gd:572)
       [1] _causeway (res://estate/procession/grounds.gd:626)
       [2] _build_path (res://estate/procession/grounds.gd:537)
       [3] build_all (res://estate/procession/grounds.gd:379)
       [4] build (res://estate/procession/board_graph.gd:554)
       [5] _mount_world (res://estate/estate.gd:182)
       [6] _ready (res://estate/estate.gd:192)
ERROR: Condition "primitive != Mesh::PRIMITIVE_TRIANGLES" is true.
   at: generate_normals (scene/resources/surface_tool.cpp:1187)
   GDScript backtrace (most recent call first):
       [0] _ribbon (res://estate/procession/grounds.gd:572)
       [1] _causeway (res://estate/procession/grounds.gd:626)
       [2] _build_path (res://estate/procession/grounds.gd:537)
       [3] build_all (res://estate/procession/grounds.gd:379)
       [4] build (res://estate/procession/board_graph.gd:554)
       [5] _mount_world (res://estate/estate.gd:182)
       [6] _ready (res://estate/estate.gd:192)
AMBIENT_RIGGED groundskeeper <- res://assets/models/meshy/generated/npc_groundskeeper_idle.glb
AMBIENT_RIGGED mourner <- ["res://assets/models/meshy/generated/npc_mourner_elderly_idle.glb"]
AMBIENT_RIGGED mourner <- ["res://assets/models/meshy/generated/npc_mourner_hooded_bow.glb", "res://assets/models/meshy/generated/npc_mourner_hooded_idle.glb"]
PROCESSION_BOOT swapped main scene -> res://estate/procession/procession.tscn
ERROR: Condition "primitive != Mesh::PRIMITIVE_TRIANGLES" is true.
   at: generate_normals (scene/resources/surface_tool.cpp:1187)
   GDScript backtrace (most recent call first):
       [0] _ribbon (res://estate/procession/grounds.gd:572)
       [1] _build_path (res://estate/procession/grounds.gd:531)
       [2] build_all (res://estate/procession/grounds.gd:379)
       [3] build (res://estate/procession/board_graph.gd:554)
       [4] _build_world (res://estate/procession/procession.gd:536)
       [5] _boot (res://estate/procession/procession.gd:343)
       [6] _autostart (res://estate/procession/procession.gd:298)
ERROR: Condition "primitive != Mesh::PRIMITIVE_TRIANGLES" is true.
   at: generate_normals (scene/resources/surface_tool.cpp:1187)
   GDScript backtrace (most recent call first):
       [0] _ribbon (res://estate/procession/grounds.gd:572)
       [1] _build_path (res://estate/procession/grounds.gd:533)
       [2] build_all (res://estate/procession/grounds.gd:379)
       [3] build (res://estate/procession/board_graph.gd:554)
       [4] _build_world (res://estate/procession/procession.gd:536)
       [5] _boot (res://estate/procession/procession.gd:343)
       [6] _autostart (res://estate/procession/procession.gd:298)
ERROR: Condition "primitive != Mesh::PRIMITIVE_TRIANGLES" is true.
   at: generate_normals (scene/resources/surface_tool.cpp:1187)
   GDScript backtrace (most recent call first):
       [0] _ribbon (res://estate/procession/grounds.gd:572)
       [1] _build_path (res://estate/procession/grounds.gd:531)
       [2] build_all (res://estate/procession/grounds.gd:379)
       [3] build (res://estate/procession/board_graph.gd:554)
       [4] _build_world (res://estate/procession/procession.gd:536)
       [5] _boot (res://estate/procession/procession.gd:343)
       [6] _autostart (res://estate/procession/procession.gd:298)
ERROR: Condition "primitive != Mesh::PRIMITIVE_TRIANGLES" is true.
   at: generate_normals (scene/resources/surface_tool.cpp:1187)
   GDScript backtrace (most recent call first):
       [0] _ribbon (res://estate/procession/grounds.gd:572)
       [1] _build_path (res://estate/procession/grounds.gd:531)
       [2] build_all (res://estate/procession/grounds.gd:379)
       [3] build (res://estate/procession/board_graph.gd:554)
       [4] _build_world (res://estate/procession/procession.gd:536)
       [5] _boot (res://estate/procession/procession.gd:343)
       [6] _autostart (res://estate/procession/procession.gd:298)
ERROR: Condition "primitive != Mesh::PRIMITIVE_TRIANGLES" is true.
   at: generate_normals (scene/resources/surface_tool.cpp:1187)
   GDScript backtrace (most recent call first):
       [0] _ribbon (res://estate/procession/grounds.gd:572)
       [1] _build_path (res://estate/procession/grounds.gd:531)
       [2] build_all (res://estate/procession/grounds.gd:379)
       [3] build (res://estate/procession/board_graph.gd:554)
       [4] _build_world (res://estate/procession/procession.gd:536)
       [5] _boot (res://estate/procession/procession.gd:343)
       [6] _autostart (res://estate/procession/procession.gd:298)
ERROR: Condition "primitive != Mesh::PRIMITIVE_TRIANGLES" is true.
   at: generate_normals (scene/resources/surface_tool.cpp:1187)
   GDScript backtrace (most recent call first):
       [0] _ribbon (res://estate/procession/grounds.gd:572)
       [1] _build_path (res://estate/procession/grounds.gd:535)
       [2] build_all (res://estate/procession/grounds.gd:379)
       [3] build (res://estate/procession/board_graph.gd:554)
       [4] _build_world (res://estate/procession/procession.gd:536)
       [5] _boot (res://estate/procession/procession.gd:343)
       [6] _autostart (res://estate/procession/procession.gd:298)
ERROR: Condition "primitive != Mesh::PRIMITIVE_TRIANGLES" is true.
   at: generate_normals (scene/resources/surface_tool.cpp:1187)
   GDScript backtrace (most recent call first):
       [0] _ribbon (res://estate/procession/grounds.gd:572)
       [1] _build_path (res://estate/procession/grounds.gd:535)
       [2] build_all (res://estate/procession/grounds.gd:379)
       [3] build (res://estate/procession/board_graph.gd:554)
       [4] _build_world (res://estate/procession/procession.gd:536)
       [5] _boot (res://estate/procession/procession.gd:343)
       [6] _autostart (res://estate/procession/procession.gd:298)
ERROR: Condition "primitive != Mesh::PRIMITIVE_TRIANGLES" is true.
   at: generate_normals (scene/resources/surface_tool.cpp:1187)
   GDScript backtrace (most recent call first):
       [0] _ribbon (res://estate/procession/grounds.gd:572)
       [1] _causeway (res://estate/procession/grounds.gd:626)
       [2] _build_path (res://estate/procession/grounds.gd:537)
       [3] build_all (res://estate/procession/grounds.gd:379)
       [4] build (res://estate/procession/board_graph.gd:554)
       [5] _build_world (res://estate/procession/procession.gd:536)
       [6] _boot (res://estate/procession/procession.gd:343)
       [7] _autostart (res://estate/procession/procession.gd:298)
ERROR: Condition "primitive != Mesh::PRIMITIVE_TRIANGLES" is true.
   at: generate_normals (scene/resources/surface_tool.cpp:1187)
   GDScript backtrace (most recent call first):
       [0] _ribbon (res://estate/procession/grounds.gd:572)
       [1] _causeway (res://estate/procession/grounds.gd:626)
       [2] _build_path (res://estate/procession/grounds.gd:537)
       [3] build_all (res://estate/procession/grounds.gd:379)
       [4] build (res://estate/procession/board_graph.gd:554)
       [5] _build_world (res://estate/procession/procession.gd:536)
       [6] _boot (res://estate/procession/procession.gd:343)
       [7] _autostart (res://estate/procession/procession.gd:298)
ERROR: Condition "primitive != Mesh::PRIMITIVE_TRIANGLES" is true.
   at: generate_normals (scene/resources/surface_tool.cpp:1187)
   GDScript backtrace (most recent call first):
       [0] _ribbon (res://estate/procession/grounds.gd:572)
       [1] _causeway (res://estate/procession/grounds.gd:626)
       [2] _build_path (res://estate/procession/grounds.gd:537)
       [3] build_all (res://estate/procession/grounds.gd:379)
       [4] build (res://estate/procession/board_graph.gd:554)
       [5] _build_world (res://estate/procession/procession.gd:536)
       [6] _boot (res://estate/procession/procession.gd:343)
       [7] _autostart (res://estate/procession/procession.gd:298)
ERROR: Condition "primitive != Mesh::PRIMITIVE_TRIANGLES" is true.
   at: generate_normals (scene/resources/surface_tool.cpp:1187)
   GDScript backtrace (most recent call first):
       [0] _ribbon (res://estate/procession/grounds.gd:572)
       [1] _causeway (res://estate/procession/grounds.gd:626)
       [2] _build_path (res://estate/procession/grounds.gd:537)
       [3] build_all (res://estate/procession/grounds.gd:379)
       [4] build (res://estate/procession/board_graph.gd:554)
       [5] _build_world (res://estate/procession/procession.gd:536)
       [6] _boot (res://estate/procession/procession.gd:343)
       [7] _autostart (res://estate/procession/procession.gd:298)
PROCESSION boot seed=7 board=estate_procession turn_cap=5 nights=1 players=4 autoplay=true minisim=true
PROCESSION_STIRS major=landslip minor=wake
VERIFY_SNAP res://verify_out/stirs_d/snap_flyover_0242.png
SHOWCASE board_wide cam=(0.0, 82.0, 92.0)
VERIFY_SNAP res://verify_out/stirs_d/snap_board_wide_0245.png
SHOWCASE grave_detail cam=(-16.6875, 2.873231, 23.95538)
VERIFY_SNAP res://verify_out/stirs_d/snap_grave_detail_0248.png
VERIFY_SNAP res://verify_out/stirs_d/snap_figurine_pawns_0251.png
VERIFY_SNAP res://verify_out/stirs_d/snap_lychgate_dressed_0254.png
VERIFY_SNAP res://verify_out/stirs_d/snap_manor_gate_dressed_0257.png
VERIFY_SNAP res://verify_out/stirs_d/snap_reaper_dormant_0260.png
VERIFY_SNAP res://verify_out/stirs_d/snap_exec_idle_0304.png
VERIFY_SNAP res://verify_out/stirs_d/snap_exec_gesture_0347.png
VERIFY_SNAP res://verify_out/stirs_d/snap_will_clause_0444.png
VERIFY_SNAP res://verify_out/stirs_d/snap_stirs_omens_0719.png
VERIFY_SNAP res://verify_out/stirs_d/snap_night_awards_1006.png
VERIFY_SNAP res://verify_out/stirs_d/snap_crossroads_prompt_1293.png
VERIFY_SNAP res://verify_out/stirs_d/snap_reveal_1493.png
VERIFY_SNAP res://verify_out/stirs_d/snap_reactions_1524.png
VERIFY_SNAP res://verify_out/stirs_d/snap_reveal_1771.png
VERIFY_SNAP res://verify_out/stirs_d/snap_reveal_2084.png
VERIFY_SNAP res://verify_out/stirs_d/snap_drive_minimap_2257.png
VERIFY_SNAP res://verify_out/stirs_d/snap_reveal_2342.png
VERIFY_SNAP res://verify_out/stirs_d/snap_roulette_2503.png
VERIFY_SNAP res://verify_out/stirs_d/snap_overshoulder_heatmap_3205.png
VERIFY_SNAP res://verify_out/stirs_d/snap_standings_drive_3225.png
VERIFY_SNAP res://verify_out/stirs_d/snap_reveal_3420.png
VERIFY_SNAP res://verify_out/stirs_d/snap_seance_wheel_3665.png
VERIFY_SNAP res://verify_out/stirs_d/snap_reveal_3823.png
VERIFY_SNAP res://verify_out/stirs_d/snap_reveal_4041.png
VERIFY_SNAP res://verify_out/stirs_d/snap_figurines_midmatch_4293.png
VERIFY_SNAP res://verify_out/stirs_d/snap_reveal_4369.png
VERIFY_SNAP res://verify_out/stirs_d/snap_roulette_4531.png
PROCESSION_STIR_FIRE night=1 round=3 kind=minor id=wake stones=[16,17,18] site=(-13.0,13.3)
STIR_SHOT id=wake pos=(-15.5528, 3.63796, 11.11254) look=(-12.96168, 1.53796, 13.31392)
STIR_SNAP id=wake cam=(-15.5498, 3.613605, 11.07401)
VERIFY_SNAP res://verify_out/stirs_d/snap_stir_wake_5358.png
VERIFY_SNAP res://verify_out/stirs_d/snap_stir_wake_wide_5439.png
VERIFY_SNAP res://verify_out/stirs_d/snap_reveal_5665.png
VERIFY_SNAP res://verify_out/stirs_d/snap_reveal_5874.png
VERIFY_SNAP res://verify_out/stirs_d/snap_reveal_6176.png
VERIFY_SNAP res://verify_out/stirs_d/snap_reveal_6449.png
VERIFY_SNAP res://verify_out/stirs_d/snap_roulette_6606.png
VERIFY_SNAP res://verify_out/stirs_d/snap_seance_wheel_7689.png
VERIFY_SNAP res://verify_out/stirs_d/snap_reveal_7847.png
VERIFY_SNAP res://verify_out/stirs_d/snap_reveal_8063.png
VERIFY_SNAP res://verify_out/stirs_d/snap_reveal_8405.png
VERIFY_SNAP res://verify_out/stirs_d/snap_reveal_8658.png
VERIFY_SNAP res://verify_out/stirs_d/snap_roulette_8816.png
PROCESSION_STIR_FIRE night=1 round=5 kind=major id=landslip from=19 to=34 site=(-18.4,-4.3)
STIR_SHOT id=landslip pos=(-9.280447, 4.582412, -8.478914) look=(-18.3605, 1.082412, -4.334672)
STIR_SNAP id=landslip cam=(-9.308646, 4.566684, -8.466843)
VERIFY_SNAP res://verify_out/stirs_d/snap_stir_landslip_9711.png
VERIFY_SNAP res://verify_out/stirs_d/snap_stir_landslip_wide_9791.png
VERIFY_SNAP res://verify_out/stirs_d/snap_reveal_10005.png
VERIFY_SNAP res://verify_out/stirs_d/snap_reveal_10276.png
VERIFY_SNAP res://verify_out/stirs_d/snap_reveal_10545.png
VERIFY_SNAP res://verify_out/stirs_d/snap_final_bell_10660.png
VERIFY_SNAP res://verify_out/stirs_d/snap_reveal_10914.png
VERIFY_SNAP res://verify_out/stirs_d/snap_will_reading_11494.png
VERIFY_SNAP res://verify_out/stirs_d/snap_peddler_cart_12085.png
PROCESSION_NIGHT {"arrivals":[2],"awards":[["longest",0],["generous",-1],["bloodiest",0]],"bell_round":5,"grudge":[29,28,11,10],"letters":[false,false,false,false],"night":1,"rounds":5,"wreaths":[18,7,11,9]}
VERIFY_SNAP res://verify_out/stirs_d/snap_reading_totals_12780.png
EULOGY 01 | Sit. The reading is brief, the verdicts briefer, and the estate has never once been kept waiting.
EULOGY 02 | BLUE hoarded 28 pennies and spent it on nothing. The manor respects the discipline; the will does not reward it.
VERIFY_SNAP res://verify_out/stirs_d/snap_eulogy_13214.png
EULOGY 03 | We remember GOLD, who bled 4 pennies into other hands and called it Tuesday.
EULOGY 04 | We commend RED, who bought 20 wreaths with other people's grief and now owns a house that owns them back.
EULOGY 05 | And MINT — who took from no one all night, and wept at two graves besides — was in the estate's estimation, almost kind.  How unusual.
EULOGY 06 | The estate adds, for the record: GOLD has been paid in blood money before. The ledger rounds up.
EULOGY 07 | The estate closes the ledger. Nothing is forgiven, but everything is filed, which the estate finds nearly the same.
VERIFY_SNAP res://verify_out/stirs_d/snap_heir_crowned_14367.png
PROCESSION_MATCH {"board":"estate_procession","board_firsts":[0,0,1,0],"grudge":[29,28,11,10],"heir":0,"heir_name":"RED","heirs":[0],"mini_wins":[2,2,0,1],"moved":[28,18,27,26],"nights":1,"seed":7,"src":{"arrival":[5,1,8,3],"award":[9,0,0,1],"liquid":[2,2,1,1],"mini":[4,6,3,5]},"turn_cap":5,"wreaths":[20,9,12,10]}
  seat 0 RED: ⚘20 (arr 5 + mini 4 + awd 9 + liq 2)  29¢  moved=28  HEIR
  seat 1 BLUE: ⚘9 (arr 1 + mini 6 + awd 0 + liq 2)  28¢  moved=18
  seat 2 GOLD: ⚘12 (arr 8 + mini 3 + awd 0 + liq 1)  11¢  moved=27
  seat 3 MINT: ⚘10 (arr 3 + mini 5 + awd 1 + liq 1)  10¢  moved=26
PROCESSION_HEIR RED (seed 7, 1 nights)

================================================================
CrashHandlerException: Program crashed with signal 11
Engine version: Godot Engine v4.6.2.stable.official (71f334935c000924d403448e698df4441130df18)
Dumping the backtrace. 
[1] error(-1): no debug info in PE/COFF executable
[2] error(-1): no debug info in PE/COFF executable
[3] error(-1): no debug info in PE/COFF executable
[4] error(-1): no debug info in PE/COFF executable
[5] error(-1): no debug info in PE/COFF executable
[6] error(-1): no debug info in PE/COFF executable
[7] error(-1): no debug info in PE/COFF executable
[8] error(-1): no debug info in PE/COFF executable
[9] error(-1): no debug info in PE/COFF executable
[10] error(-1): no debug info in PE/COFF executable
[11] error(-1): no debug info in PE/COFF executable
[12] error(-1): no debug info in PE/COFF executable
[13] error(-1): no debug info in PE/COFF executable
[14] error(-1): no debug info in PE/COFF executable
[15] error(-1): no debug info in PE/COFF executable
[16] error(-1): no debug info in PE/COFF executable
[17] error(-1): no debug info in PE/COFF executable
[18] error(-1): no debug info in PE/COFF executable
[19] error(-1): no debug info in PE/COFF executable
[20] error(-1): no debug info in PE/COFF executable
[21] error(-1): no debug info in PE/COFF executable
[22] error(-1): no debug info in PE/COFF executable
-- END OF C++ BACKTRACE --
================================================================
