Godot Engine v4.6.2.stable.official.71f334935 - https://godotengine.org
Vulkan 1.4.303 - Forward+ - Using Device #0: NVIDIA - NVIDIA GeForce RTX 4050 Laptop GPU

ERROR: Condition "primitive != Mesh::PRIMITIVE_TRIANGLES" is true.
   at: generate_normals (scene/resources/surface_tool.cpp:1187)
   GDScript backtrace (most recent call first):
       [0] _ribbon (res://estate/procession/grounds.gd:572)
       [1] _build_path (res://estate/procession/grounds.gd:531)
       [2] build_all (res://estate/procession/grounds.gd:379)
       [3] build (res://estate/procession/board_graph.gd:554)
       [4] _mount_world (res://estate/estate.gd:182)
       [5] _ready (res://estate/estate.gd:192)
ERROR: Condition "primitive != Mesh::PRIMITIVE_TRIANGLES" is true.
   at: generate_normals (scene/resources/surface_tool.cpp:1187)
   GDScript backtrace (most recent call first):
       [0] _ribbon (res://estate/procession/grounds.gd:572)
       [1] _build_path (res://estate/procession/grounds.gd:533)
       [2] build_all (res://estate/procession/grounds.gd:379)
       [3] build (res://estate/procession/board_graph.gd:554)
       [4] _mount_world (res://estate/estate.gd:182)
       [5] _ready (res://estate/estate.gd:192)
ERROR: Condition "primitive != Mesh::PRIMITIVE_TRIANGLES" is true.
   at: generate_normals (scene/resources/surface_tool.cpp:1187)
   GDScript backtrace (most recent call first):
       [0] _ribbon (res://estate/procession/grounds.gd:572)
       [1] _build_path (res://estate/procession/grounds.gd:531)
       [2] build_all (res://estate/procession/grounds.gd:379)
       [3] build (res://estate/procession/board_graph.gd:554)
       [4] _mount_world (res://estate/estate.gd:182)
       [5] _ready (res://estate/estate.gd:192)
ERROR: Condition "primitive != Mesh::PRIMITIVE_TRIANGLES" is true.
   at: generate_normals (scene/resources/surface_tool.cpp:1187)
   GDScript backtrace (most recent call first):
       [0] _ribbon (res://estate/procession/grounds.gd:572)
       [1] _build_path (res://estate/procession/grounds.gd:531)
       [2] build_all (res://estate/procession/grounds.gd:379)
       [3] build (res://estate/procession/board_graph.gd:554)
       [4] _mount_world (res://estate/estate.gd:182)
       [5] _ready (res://estate/estate.gd:192)
ERROR: Condition "primitive != Mesh::PRIMITIVE_TRIANGLES" is true.
   at: generate_normals (scene/resources/surface_tool.cpp:1187)
   GDScript backtrace (most recent call first):
       [0] _ribbon (res://estate/procession/grounds.gd:572)
       [1] _build_path (res://estate/procession/grounds.gd:531)
       [2] build_all (res://estate/procession/grounds.gd:379)
       [3] build (res://estate/procession/board_graph.gd:554)
       [4] _mount_world (res://estate/estate.gd:182)
       [5] _ready (res://estate/estate.gd:192)
ERROR: Condition "primitive != Mesh::PRIMITIVE_TRIANGLES" is true.
   at: generate_normals (scene/resources/surface_tool.cpp:1187)
   GDScript backtrace (most recent call first):
       [0] _ribbon (res://estate/procession/grounds.gd:572)
       [1] _build_path (res://estate/procession/grounds.gd:535)
       [2] build_all (res://estate/procession/grounds.gd:379)
       [3] build (res://estate/procession/board_graph.gd:554)
       [4] _mount_world (res://estate/estate.gd:182)
       [5] _ready (res://estate/estate.gd:192)
ERROR: Condition "primitive != Mesh::PRIMITIVE_TRIANGLES" is true.
   at: generate_normals (scene/resources/surface_tool.cpp:1187)
   GDScript backtrace (most recent call first):
       [0] _ribbon (res://estate/procession/grounds.gd:572)
       [1] _build_path (res://estate/procession/grounds.gd:535)
       [2] build_all (res://estate/procession/grounds.gd:379)
       [3] build (res://estate/procession/board_graph.gd:554)
       [4] _mount_world (res://estate/estate.gd:182)
       [5] _ready (res://estate/estate.gd:192)
ERROR: Condition "primitive != Mesh::PRIMITIVE_TRIANGLES" is true.
   at: generate_normals (scene/resources/surface_tool.cpp:1187)
   GDScript backtrace (most recent call first):
       [0] _ribbon (res://estate/procession/grounds.gd:572)
       [1] _causeway (res://estate/procession/grounds.gd:626)
       [2] _build_path (res://estate/procession/grounds.gd:537)
       [3] build_all (res://estate/procession/grounds.gd:379)
       [4] build (res://estate/procession/board_graph.gd:554)
       [5] _mount_world (res://estate/estate.gd:182)
       [6] _ready (res://estate/estate.gd:192)
ERROR: Condition "primitive != Mesh::PRIMITIVE_TRIANGLES" is true.
   at: generate_normals (scene/resources/surface_tool.cpp:1187)
   GDScript backtrace (most recent call first):
       [0] _ribbon (res://estate/procession/grounds.gd:572)
       [1] _causeway (res://estate/procession/grounds.gd:626)
       [2] _build_path (res://estate/procession/grounds.gd:537)
       [3] build_all (res://estate/procession/grounds.gd:379)
       [4] build (res://estate/procession/board_graph.gd:554)
       [5] _mount_world (res://estate/estate.gd:182)
       [6] _ready (res://estate/estate.gd:192)
ERROR: Condition "primitive != Mesh::PRIMITIVE_TRIANGLES" is true.
   at: generate_normals (scene/resources/surface_tool.cpp:1187)
   GDScript backtrace (most recent call first):
       [0] _ribbon (res://estate/procession/grounds.gd:572)
       [1] _causeway (res://estate/procession/grounds.gd:626)
       [2] _build_path (res://estate/procession/grounds.gd:537)
       [3] build_all (res://estate/procession/grounds.gd:379)
       [4] build (res://estate/procession/board_graph.gd:554)
       [5] _mount_world (res://estate/estate.gd:182)
       [6] _ready (res://estate/estate.gd:192)
ERROR: Condition "primitive != Mesh::PRIMITIVE_TRIANGLES" is true.
   at: generate_normals (scene/resources/surface_tool.cpp:1187)
   GDScript backtrace (most recent call first):
       [0] _ribbon (res://estate/procession/grounds.gd:572)
       [1] _causeway (res://estate/procession/grounds.gd:626)
       [2] _build_path (res://estate/procession/grounds.gd:537)
       [3] build_all (res://estate/procession/grounds.gd:379)
       [4] build (res://estate/procession/board_graph.gd:554)
       [5] _mount_world (res://estate/estate.gd:182)
       [6] _ready (res://estate/estate.gd:192)
AMBIENT_RIGGED groundskeeper <- res://assets/models/meshy/generated/npc_groundskeeper_idle.glb
AMBIENT_RIGGED mourner <- ["res://assets/models/meshy/generated/npc_mourner_elderly_idle.glb"]
AMBIENT_RIGGED mourner <- ["res://assets/models/meshy/generated/npc_mourner_hooded_bow.glb", "res://assets/models/meshy/generated/npc_mourner_hooded_idle.glb"]
PROCESSION_BOOT swapped main scene -> res://estate/procession/procession.tscn
ERROR: Condition "primitive != Mesh::PRIMITIVE_TRIANGLES" is true.
   at: generate_normals (scene/resources/surface_tool.cpp:1187)
   GDScript backtrace (most recent call first):
       [0] _ribbon (res://estate/procession/grounds.gd:572)
       [1] _build_path (res://estate/procession/grounds.gd:531)
       [2] build_all (res://estate/procession/grounds.gd:379)
       [3] build (res://estate/procession/board_graph.gd:554)
       [4] _build_world (res://estate/procession/procession.gd:536)
       [5] _boot (res://estate/procession/procession.gd:343)
       [6] _autostart (res://estate/procession/procession.gd:298)
ERROR: Condition "primitive != Mesh::PRIMITIVE_TRIANGLES" is true.
   at: generate_normals (scene/resources/surface_tool.cpp:1187)
   GDScript backtrace (most recent call first):
       [0] _ribbon (res://estate/procession/grounds.gd:572)
       [1] _build_path (res://estate/procession/grounds.gd:533)
       [2] build_all (res://estate/procession/grounds.gd:379)
       [3] build (res://estate/procession/board_graph.gd:554)
       [4] _build_world (res://estate/procession/procession.gd:536)
       [5] _boot (res://estate/procession/procession.gd:343)
       [6] _autostart (res://estate/procession/procession.gd:298)
ERROR: Condition "primitive != Mesh::PRIMITIVE_TRIANGLES" is true.
   at: generate_normals (scene/resources/surface_tool.cpp:1187)
   GDScript backtrace (most recent call first):
       [0] _ribbon (res://estate/procession/grounds.gd:572)
       [1] _build_path (res://estate/procession/grounds.gd:531)
       [2] build_all (res://estate/procession/grounds.gd:379)
       [3] build (res://estate/procession/board_graph.gd:554)
       [4] _build_world (res://estate/procession/procession.gd:536)
       [5] _boot (res://estate/procession/procession.gd:343)
       [6] _autostart (res://estate/procession/procession.gd:298)
ERROR: Condition "primitive != Mesh::PRIMITIVE_TRIANGLES" is true.
   at: generate_normals (scene/resources/surface_tool.cpp:1187)
   GDScript backtrace (most recent call first):
       [0] _ribbon (res://estate/procession/grounds.gd:572)
       [1] _build_path (res://estate/procession/grounds.gd:531)
       [2] build_all (res://estate/procession/grounds.gd:379)
       [3] build (res://estate/procession/board_graph.gd:554)
       [4] _build_world (res://estate/procession/procession.gd:536)
       [5] _boot (res://estate/procession/procession.gd:343)
       [6] _autostart (res://estate/procession/procession.gd:298)
ERROR: Condition "primitive != Mesh::PRIMITIVE_TRIANGLES" is true.
   at: generate_normals (scene/resources/surface_tool.cpp:1187)
   GDScript backtrace (most recent call first):
       [0] _ribbon (res://estate/procession/grounds.gd:572)
       [1] _build_path (res://estate/procession/grounds.gd:531)
       [2] build_all (res://estate/procession/grounds.gd:379)
       [3] build (res://estate/procession/board_graph.gd:554)
       [4] _build_world (res://estate/procession/procession.gd:536)
       [5] _boot (res://estate/procession/procession.gd:343)
       [6] _autostart (res://estate/procession/procession.gd:298)
ERROR: Condition "primitive != Mesh::PRIMITIVE_TRIANGLES" is true.
   at: generate_normals (scene/resources/surface_tool.cpp:1187)
   GDScript backtrace (most recent call first):
       [0] _ribbon (res://estate/procession/grounds.gd:572)
       [1] _build_path (res://estate/procession/grounds.gd:535)
       [2] build_all (res://estate/procession/grounds.gd:379)
       [3] build (res://estate/procession/board_graph.gd:554)
       [4] _build_world (res://estate/procession/procession.gd:536)
       [5] _boot (res://estate/procession/procession.gd:343)
       [6] _autostart (res://estate/procession/procession.gd:298)
ERROR: Condition "primitive != Mesh::PRIMITIVE_TRIANGLES" is true.
   at: generate_normals (scene/resources/surface_tool.cpp:1187)
   GDScript backtrace (most recent call first):
       [0] _ribbon (res://estate/procession/grounds.gd:572)
       [1] _build_path (res://estate/procession/grounds.gd:535)
       [2] build_all (res://estate/procession/grounds.gd:379)
       [3] build (res://estate/procession/board_graph.gd:554)
       [4] _build_world (res://estate/procession/procession.gd:536)
       [5] _boot (res://estate/procession/procession.gd:343)
       [6] _autostart (res://estate/procession/procession.gd:298)
ERROR: Condition "primitive != Mesh::PRIMITIVE_TRIANGLES" is true.
   at: generate_normals (scene/resources/surface_tool.cpp:1187)
   GDScript backtrace (most recent call first):
       [0] _ribbon (res://estate/procession/grounds.gd:572)
       [1] _causeway (res://estate/procession/grounds.gd:626)
       [2] _build_path (res://estate/procession/grounds.gd:537)
       [3] build_all (res://estate/procession/grounds.gd:379)
       [4] build (res://estate/procession/board_graph.gd:554)
       [5] _build_world (res://estate/procession/procession.gd:536)
       [6] _boot (res://estate/procession/procession.gd:343)
       [7] _autostart (res://estate/procession/procession.gd:298)
ERROR: Condition "primitive != Mesh::PRIMITIVE_TRIANGLES" is true.
   at: generate_normals (scene/resources/surface_tool.cpp:1187)
   GDScript backtrace (most recent call first):
       [0] _ribbon (res://estate/procession/grounds.gd:572)
       [1] _causeway (res://estate/procession/grounds.gd:626)
       [2] _build_path (res://estate/procession/grounds.gd:537)
       [3] build_all (res://estate/procession/grounds.gd:379)
       [4] build (res://estate/procession/board_graph.gd:554)
       [5] _build_world (res://estate/procession/procession.gd:536)
       [6] _boot (res://estate/procession/procession.gd:343)
       [7] _autostart (res://estate/procession/procession.gd:298)
ERROR: Condition "primitive != Mesh::PRIMITIVE_TRIANGLES" is true.
   at: generate_normals (scene/resources/surface_tool.cpp:1187)
   GDScript backtrace (most recent call first):
       [0] _ribbon (res://estate/procession/grounds.gd:572)
       [1] _causeway (res://estate/procession/grounds.gd:626)
       [2] _build_path (res://estate/procession/grounds.gd:537)
       [3] build_all (res://estate/procession/grounds.gd:379)
       [4] build (res://estate/procession/board_graph.gd:554)
       [5] _build_world (res://estate/procession/procession.gd:536)
       [6] _boot (res://estate/procession/procession.gd:343)
       [7] _autostart (res://estate/procession/procession.gd:298)
ERROR: Condition "primitive != Mesh::PRIMITIVE_TRIANGLES" is true.
   at: generate_normals (scene/resources/surface_tool.cpp:1187)
   GDScript backtrace (most recent call first):
       [0] _ribbon (res://estate/procession/grounds.gd:572)
       [1] _causeway (res://estate/procession/grounds.gd:626)
       [2] _build_path (res://estate/procession/grounds.gd:537)
       [3] build_all (res://estate/procession/grounds.gd:379)
       [4] build (res://estate/procession/board_graph.gd:554)
       [5] _build_world (res://estate/procession/procession.gd:536)
       [6] _boot (res://estate/procession/procession.gd:343)
       [7] _autostart (res://estate/procession/procession.gd:298)
PROCESSION boot seed=7 board=estate_procession turn_cap=5 nights=1 players=4 autoplay=true minisim=true
PROCESSION_STIRS major=procession_road minor=hungry_grave
VERIFY_SNAP res://verify_out/stirs_h/snap_flyover_0243.png
SHOWCASE board_wide cam=(0.0, 82.0, 92.0)
VERIFY_SNAP res://verify_out/stirs_h/snap_board_wide_0246.png
SHOWCASE grave_detail cam=(-16.6875, 2.873231, 23.95538)
VERIFY_SNAP res://verify_out/stirs_h/snap_grave_detail_0249.png
VERIFY_SNAP res://verify_out/stirs_h/snap_figurine_pawns_0252.png
VERIFY_SNAP res://verify_out/stirs_h/snap_lychgate_dressed_0255.png
VERIFY_SNAP res://verify_out/stirs_h/snap_manor_gate_dressed_0258.png
VERIFY_SNAP res://verify_out/stirs_h/snap_reaper_dormant_0261.png
VERIFY_SNAP res://verify_out/stirs_h/snap_exec_idle_0304.png
VERIFY_SNAP res://verify_out/stirs_h/snap_exec_gesture_0348.png
VERIFY_SNAP res://verify_out/stirs_h/snap_will_clause_0444.png
VERIFY_SNAP res://verify_out/stirs_h/snap_stirs_omens_0720.png
VERIFY_SNAP res://verify_out/stirs_h/snap_night_awards_1008.png
VERIFY_SNAP res://verify_out/stirs_h/snap_crossroads_prompt_1295.png
VERIFY_SNAP res://verify_out/stirs_h/snap_reveal_1495.png
VERIFY_SNAP res://verify_out/stirs_h/snap_reactions_1527.png
VERIFY_SNAP res://verify_out/stirs_h/snap_reveal_1774.png
VERIFY_SNAP res://verify_out/stirs_h/snap_reveal_2087.png
VERIFY_SNAP res://verify_out/stirs_h/snap_drive_minimap_2260.png
VERIFY_SNAP res://verify_out/stirs_h/snap_reveal_2345.png
VERIFY_SNAP res://verify_out/stirs_h/snap_roulette_2506.png
VERIFY_SNAP res://verify_out/stirs_h/snap_overshoulder_heatmap_3208.png
VERIFY_SNAP res://verify_out/stirs_h/snap_standings_drive_3229.png
VERIFY_SNAP res://verify_out/stirs_h/snap_reveal_3423.png
VERIFY_SNAP res://verify_out/stirs_h/snap_seance_wheel_3670.png
VERIFY_SNAP res://verify_out/stirs_h/snap_reveal_3829.png
VERIFY_SNAP res://verify_out/stirs_h/snap_reveal_4047.png
VERIFY_SNAP res://verify_out/stirs_h/snap_figurines_midmatch_4299.png
VERIFY_SNAP res://verify_out/stirs_h/snap_reveal_4375.png
VERIFY_SNAP res://verify_out/stirs_h/snap_roulette_4537.png
PROCESSION_STIR_FIRE night=1 round=3 kind=minor id=hungry_grave node=42 site=(30.8,-21.4)
STIR_SHOT id=hungry_grave pos=(29.25511, 1.919608, -23.63921) look=(30.26644, 2.119608, -22.15017)
STIR_SNAP id=hungry_grave cam=(29.2446, 1.902642, -23.68643)
VERIFY_SNAP res://verify_out/stirs_h/snap_stir_hungry_grave_5330.png
VERIFY_SNAP res://verify_out/stirs_h/snap_stir_hungry_grave_wide_5410.png
VERIFY_SNAP res://verify_out/stirs_h/snap_reveal_5618.png
VERIFY_SNAP res://verify_out/stirs_h/snap_reveal_5827.png
VERIFY_SNAP res://verify_out/stirs_h/snap_reveal_6133.png
VERIFY_SNAP res://verify_out/stirs_h/snap_reveal_6407.png
VERIFY_SNAP res://verify_out/stirs_h/snap_roulette_6564.png
VERIFY_SNAP res://verify_out/stirs_h/snap_reveal_7623.png
VERIFY_SNAP res://verify_out/stirs_h/snap_reveal_7836.png
VERIFY_SNAP res://verify_out/stirs_h/snap_reveal_8177.png
VERIFY_SNAP res://verify_out/stirs_h/snap_reveal_8430.png
VERIFY_SNAP res://verify_out/stirs_h/snap_roulette_8589.png
PROCESSION_STIR_FIRE night=1 round=5 kind=major id=procession_road entry=63 exit=43 stones=[76,77,78,79] site=(12.1,-21.9)
STIR_SHOT id=procession_road pos=(10.83728, 5.403758, -31.81568) look=(12.07485, 1.903757, -21.89349)
STIR_SNAP id=procession_road cam=(10.88273, 5.413727, -31.84232)
VERIFY_SNAP res://verify_out/stirs_h/snap_stir_procession_road_9507.png
VERIFY_SNAP res://verify_out/stirs_h/snap_stir_procession_road_wide_9586.png
VERIFY_SNAP res://verify_out/stirs_h/snap_reveal_9800.png
VERIFY_SNAP res://verify_out/stirs_h/snap_reveal_10036.png
VERIFY_SNAP res://verify_out/stirs_h/snap_reveal_10269.png
VERIFY_SNAP res://verify_out/stirs_h/snap_final_bell_10381.png
VERIFY_SNAP res://verify_out/stirs_h/snap_reveal_10636.png
VERIFY_SNAP res://verify_out/stirs_h/snap_will_reading_11217.png
VERIFY_SNAP res://verify_out/stirs_h/snap_peddler_cart_11809.png
PROCESSION_NIGHT {"arrivals":[2],"awards":[["longest",2],["generous",-1],["bloodiest",0]],"bell_round":5,"grudge":[30,21,17,21],"letters":[false,false,false,false],"night":1,"rounds":5,"wreaths":[13,6,17,9]}
VERIFY_SNAP res://verify_out/stirs_h/snap_reading_totals_12505.png
EULOGY 01 | Sit. The reading is brief, the verdicts briefer, and the estate has never once been kept waiting.
EULOGY 02 | BLUE gave 2 pennies to the ground and the tolls. Generosity is only ever involuntary here.
VERIFY_SNAP res://verify_out/stirs_h/snap_eulogy_12939.png
EULOGY 03 | RED hoarded 30 pennies and spent it on nothing. The manor respects the discipline; the will does not reward it.
EULOGY 04 | We commend GOLD, who bought 18 wreaths with other people's grief and now owns a house that owns them back.
EULOGY 05 | And MINT — who took from no one all night, and wept at two graves besides — was in the estate's estimation, almost kind.  How unusual.
EULOGY 06 | The estate adds, for the record: GOLD has been paid in blood money before. The ledger rounds up.
EULOGY 07 | The estate closes the ledger. Nothing is forgiven, but everything is filed, which the estate finds nearly the same.
VERIFY_SNAP res://verify_out/stirs_h/snap_heir_crowned_14091.png
PROCESSION_MATCH {"board":"estate_procession","board_firsts":[0,0,1,0],"grudge":[30,21,17,21],"heir":2,"heir_name":"GOLD","heirs":[2],"mini_wins":[2,1,1,1],"moved":[24,18,27,24],"nights":1,"seed":7,"src":{"arrival":[5,1,8,3],"award":[4,0,5,1],"liquid":[3,2,1,2],"mini":[4,5,4,5]},"turn_cap":5,"wreaths":[16,8,18,11]}
  seat 0 RED: ⚘16 (arr 5 + mini 4 + awd 4 + liq 3)  30¢  moved=24
  seat 1 BLUE: ⚘8 (arr 1 + mini 5 + awd 0 + liq 2)  21¢  moved=18
  seat 2 GOLD: ⚘18 (arr 8 + mini 4 + awd 5 + liq 1)  17¢  moved=27  HEIR
  seat 3 MINT: ⚘11 (arr 3 + mini 5 + awd 1 + liq 2)  21¢  moved=24
PROCESSION_HEIR GOLD (seed 7, 1 nights)

================================================================
CrashHandlerException: Program crashed with signal 11
Engine version: Godot Engine v4.6.2.stable.official (71f334935c000924d403448e698df4441130df18)
Dumping the backtrace. 
[1] error(-1): no debug info in PE/COFF executable
[2] error(-1): no debug info in PE/COFF executable
[3] error(-1): no debug info in PE/COFF executable
[4] error(-1): no debug info in PE/COFF executable
[5] error(-1): no debug info in PE/COFF executable
[6] error(-1): no debug info in PE/COFF executable
[7] error(-1): no debug info in PE/COFF executable
[8] error(-1): no debug info in PE/COFF executable
[9] error(-1): no debug info in PE/COFF executable
[10] error(-1): no debug info in PE/COFF executable
[11] error(-1): no debug info in PE/COFF executable
[12] error(-1): no debug info in PE/COFF executable
[13] error(-1): no debug info in PE/COFF executable
[14] error(-1): no debug info in PE/COFF executable
[15] error(-1): no debug info in PE/COFF executable
[16] error(-1): no debug info in PE/COFF executable
[17] error(-1): no debug info in PE/COFF executable
[18] error(-1): no debug info in PE/COFF executable
[19] error(-1): no debug info in PE/COFF executable
[20] error(-1): no debug info in PE/COFF executable
[21] error(-1): no debug info in PE/COFF executable
[22] error(-1): no debug info in PE/COFF executable
-- END OF C++ BACKTRACE --
================================================================
