Godot Engine v4.6.2.stable.official.71f334935 - https://godotengine.org
Vulkan 1.4.303 - Forward+ - Using Device #0: NVIDIA - NVIDIA GeForce RTX 4050 Laptop GPU

NET host port=8910 err=0 code=80CMWE addr=192.168.0.101:8910
NETPROBE mode=host
NETCODE 127.0.0.1:8910 -> 0008PE -> 127.0.0.1:8910 PASS
NETCODE 192.168.1.42:8910 -> 8158WE -> 192.168.1.42:8910 PASS
NETCODE 10.0.7.200:8912 -> G00Z42 -> 10.0.7.200:8912 PASS
NETCODE 172.20.3.9:9000 -> T062AT -> 172.20.3.9:9000 PASS
NETCODE 192.168.240.17:11999 -> FG27WZ -> 192.168.240.17:11999 PASS
NETCODE 203.0.113.5:8910 -> '' (public IPv4 shares raw IP:PORT; Steam-code rendezvous is phase 3)
NET peer 2122089460 connected
NETPROBE anchor seat1 (0.0,0.1,-2.5)
NETPROBE_TRACE tick=0 p1=(0.000,0.100,-2.500)
NETPROBE seat 1 claimed by peer 2122089460
NETPROBE_TRACE tick=30 p1=(-1.700,0.001,-2.500)
NETPROBE_TRACE tick=60 p1=(-3.400,0.001,-2.500)
NETHASH side=host seq=15 h=6b8c0aae
VERIFY_SNAP res://docs/verify/dw_netshots_host/snap_online_host_claim_0651.png
NETPROBE_TRACE tick=90 p1=(-3.400,0.001,-4.200)
NETPROBE_TRACE tick=120 p1=(-3.400,0.001,-5.900)
NETHASH side=host seq=30 h=d4940fba
NETPROBE_TRACE tick=150 p1=(-1.757,0.001,-5.957)
NETPROBE_TRACE tick=180 p1=(-0.057,0.001,-5.957)
NETHASH side=host seq=45 h=97875c6e
NETPROBE_TRACE tick=210 p1=(-0.000,0.001,-4.313)
NETPROBE_TRACE tick=240 p1=(-0.000,0.001,-2.613)
NETHASH side=host seq=60 h=605be0b6
NETPROBE_TRACE tick=270 p1=(-0.000,0.001,-2.557)
NETPROBE_TRACE tick=300 p1=(-0.000,0.001,-2.557)
NETPROBE toggle seat=1 ready=true pf=535
NETPROBE seat1 lobby ready=true
VERIFY_SNAP res://docs/verify/dw_netshots_host/snap_online_host_ready_1217.png
NETHASH side=host seq=75 h=66f1171c
NETHASH side=host seq=90 h=a7675a39
NETHASH side=host seq=105 h=736eff46
NETHASH side=host seq=120 h=b3e54263
NETHASH side=host seq=135 h=ba7a78c9
NETHASH side=host seq=150 h=faf0bbe6
NETHASH side=host seq=165 h=0185f24c
NETHASH side=host seq=180 h=41fc3569
NETHASH side=host seq=195 h=48916bcf
NETHASH side=host seq=210 h=ff0a5283
NETHASH side=host seq=225 h=059f88e9
VERIFY_SNAP res://docs/verify/dw_netshots_host/snap_online_host_gate_2806.png
NETHASH side=host seq=240 h=4615cc06
NETHASH side=host seq=255 h=4cab026c
NETHASH side=host seq=270 h=8d214589
DW_ROUND_START 1/2 t=0.0 ts=1.000
NETHASH side=host seq=285 h=93b67bef
WARNING: Sending 1972 bytes unreliably which is above the MTU (1392), this will result in higher packet loss
   at: put_packet (modules/enet/enet_multiplayer_peer.cpp:363)
   GDScript backtrace (most recent call first):
       [0] send_module_state (res://core/net_session.gd:402)
       [1] _net_host_broadcast (res://estate/estate.gd:2217)
       [2] _process (res://estate/estate.gd:1232)
NETHASH side=host seq=300 h=4a2f62a3
VERIFY_SNAP res://docs/verify/dw_netshots_host/snap_online_host_game_3478.png
NETHASH side=host seq=315 h=50c49909
NETHASH_MOD side=host seq=40 h=9765efc4 bytes=2000
NETHASH side=host seq=330 h=913adc26
NETHASH side=host seq=345 h=97d0128c
NETHASH_MOD side=host seq=80 h=0364e253 bytes=2016
NETHASH side=host seq=360 h=d84655a9
NETHASH side=host seq=375 h=dedb8c0f
NETHASH_MOD side=host seq=120 h=96e8a16b bytes=2000
NETHASH side=host seq=390 h=1f51cf2c
NETHASH side=host seq=405 h=9be9a929
NETHASH_MOD side=host seq=160 h=5592ad81 bytes=2012
NETHASH side=host seq=420 h=dc5fec46
NETHASH side=host seq=435 h=e2f522ac
NETHASH_MOD side=host seq=200 h=7f57fffd bytes=2008
NETHASH side=host seq=450 h=236b65c9
NETHASH side=host seq=465 h=2a009c2f
NETHASH_MOD side=host seq=240 h=f27b2cca bytes=2012
NETHASH side=host seq=480 h=6a76df4c
NETHASH side=host seq=495 h=710c15b2
NETHASH_MOD side=host seq=280 h=cffa4dfa bytes=2008
NETHASH side=host seq=510 h=2784fc66
NETHASH side=host seq=525 h=2e1a32cc
NETHASH_MOD side=host seq=320 h=ac5f043d bytes=2012
NETHASH side=host seq=540 h=6e9075e9
NETHASH side=host seq=555 h=7525ac4f
NETHASH_MOD side=host seq=360 h=bb3b72fc bytes=2008
NETHASH side=host seq=570 h=b59bef6c
NETHASH side=host seq=585 h=bc3125d2
NETHASH_MOD side=host seq=400 h=5d100188 bytes=2008
NETHASH side=host seq=600 h=72aa0c86
NETHASH side=host seq=615 h=793f42ec
NETHASH_MOD side=host seq=440 h=a8b9d9ae bytes=2012
NETHASH side=host seq=630 h=b9b58609
NETHASH side=host seq=645 h=c04abc6f
NETHASH_MOD side=host seq=480 h=4f89416e bytes=2008
NETHASH side=host seq=660 h=00c0ff8c
NETHASH side=host seq=675 h=075635f2
NETHASH_MOD side=host seq=520 h=dc72cc4f bytes=2012
NETHASH side=host seq=690 h=47cc790f
NETHASH side=host seq=705 h=c464530c
NETHASH_MOD side=host seq=560 h=a8ad5c4e bytes=2004
NETHASH side=host seq=720 h=04da9629
NETHASH side=host seq=735 h=0b6fcc8f
NETHASH_MOD side=host seq=600 h=05af591c bytes=2012
NETHASH side=host seq=750 h=4be60fac
NETHASH side=host seq=765 h=527b4612
NETHASH_MOD side=host seq=640 h=be9c036b bytes=2004
NETHASH side=host seq=780 h=92f1892f
NETHASH side=host seq=795 h=9986bf95
NETHASH_MOD side=host seq=680 h=9a7eb2f5 bytes=2012
NETHASH side=host seq=810 h=4fffa649
NETHASH side=host seq=825 h=5694dcaf
NETHASH_MOD side=host seq=720 h=e35c033c bytes=2004
NETHASH side=host seq=840 h=970b1fcc
NETHASH side=host seq=855 h=9da05632
NETHASH_MOD side=host seq=760 h=f44332aa bytes=2012
NETHASH side=host seq=870 h=de16994f
NETHASH side=host seq=885 h=e4abcfb5
NETHASH_MOD side=host seq=800 h=a52e2c41 bytes=2008
NETHASH side=host seq=900 h=9b24b669
DW_HOUSE_AWAKENS round=1 t=45.0s at=45.0s cd_scale=0.5 ghosts=0
VERIFY_SNAP res://docs/verify/dw_netshots_host/snap_dw_host_awakens_6496.png
NETHASH side=host seq=915 h=a1b9eccf
NETHASH_MOD side=host seq=840 h=ea02868f bytes=2012
NETHASH side=host seq=930 h=e2302fec
NETHASH side=host seq=945 h=e8c56652
NETHASH_MOD side=host seq=880 h=3d91b2eb bytes=2012
NETHASH side=host seq=960 h=293ba96f
NETHASH side=host seq=975 h=2fd0dfd5
NETHASH_MOD side=host seq=920 h=b7c61ce3 bytes=2012
NETHASH side=host seq=990 h=704722f2
NETHASH side=host seq=1005 h=609f4076
NETHASH_MOD side=host seq=960 h=10ffdd4e bytes=2008
NETHASH side=host seq=1020 h=a1158393
NETHASH side=host seq=1035 h=a7aab9f9
NETHASH_MOD side=host seq=1000 h=6548ceb0 bytes=2016
NETHASH side=host seq=1050 h=e820fd16
NETHASH side=host seq=1065 h=eeb6337c
NETHASH_MOD side=host seq=1040 h=8de204fe bytes=2012
NETHASH side=host seq=1080 h=2f2c7699
NETHASH side=host seq=1095 h=35c1acff
NETHASH_MOD side=host seq=1080 h=e78de82b bytes=2016
NETHASH side=host seq=1110 h=ec3a93b3
NETHASH side=host seq=1125 h=f2cfca19
NETHASH_MOD side=host seq=1120 h=194fa18b bytes=2008
NETHASH side=host seq=1140 h=33460d36
NETHASH side=host seq=1155 h=39db439c
NETHASH_MOD side=host seq=1160 h=4e01d939 bytes=2016
NETHASH side=host seq=1170 h=7a5186b9
NETHASH side=host seq=1185 h=80e6bd1f
NETHASH_MOD side=host seq=1200 h=fb56b2e9 bytes=2016
NETHASH side=host seq=1200 h=375fa3d3
NETHASH side=host seq=1215 h=3df4da39
NETHASH side=host seq=1230 h=7e6b1d56
NETHASH_MOD side=host seq=1240 h=e4657c01 bytes=2012
NETHASH side=host seq=1245 h=850053bc
NETHASH side=host seq=1260 h=c57696d9
NETHASH_MOD side=host seq=1280 h=399f9d75 bytes=2016
NETHASH side=host seq=1275 h=cc0bcd3f
NETHASH side=host seq=1290 h=0c82105c
NETHASH_MOD side=host seq=1320 h=fa4a0a5b bytes=2008
NETHASH side=host seq=1305 h=8919ea59
NETHASH side=host seq=1320 h=c9902d76
NETHASH_MOD side=host seq=1360 h=715d4925 bytes=2016
NETHASH side=host seq=1335 h=d02563dc
NETHASH side=host seq=1350 h=109ba6f9
NETHASH_MOD side=host seq=1400 h=ba5a4fc3 bytes=2012
DW_ROUND_START 2/2 t=78.2 ts=1.000
NETHASH side=host seq=1365 h=1730dd5f
NETHASH side=host seq=1380 h=57a7207c
NETHASH_MOD side=host seq=1440 h=7ff6ebbc bytes=2008
NETHASH side=host seq=1395 h=5e3c56e2
NETHASH side=host seq=1410 h=14b53d96
NETHASH_MOD side=host seq=1480 h=f5c92825 bytes=2012
NETHASH side=host seq=1425 h=1b4a73fc
NETHASH side=host seq=1440 h=5bc0b719
NETHASH_MOD side=host seq=1520 h=6700e32d bytes=2016
NETHASH side=host seq=1455 h=6255ed7f
NETHASH side=host seq=1470 h=a2cc309c
NETHASH_MOD side=host seq=1560 h=6de120fb bytes=2020
NETHASH side=host seq=1485 h=a9616702
NETHASH side=host seq=1500 h=5fda4db6
NETHASH_MOD side=host seq=1600 h=93b86ae4 bytes=2024
NETHASH side=host seq=1515 h=666f841c
NETHASH side=host seq=1530 h=a6e5c739
NETHASH_MOD side=host seq=1640 h=1f9a545a bytes=2016
NETHASH side=host seq=1545 h=ad7afd9f
NETHASH side=host seq=1560 h=edf140bc
NETHASH_MOD side=host seq=1680 h=30c564c0 bytes=2020
NETHASH side=host seq=1575 h=f4867722
NETHASH side=host seq=1590 h=34fcba3f
NETHASH side=host seq=1605 h=b194943c
NETHASH_MOD side=host seq=1720 h=f452dd88 bytes=2020
NETHASH side=host seq=1620 h=f20ad759
NETHASH side=host seq=1635 h=f8a00dbf
NETHASH_MOD side=host seq=1760 h=fdd343d2 bytes=2024
NETHASH side=host seq=1650 h=391650dc
NETHASH side=host seq=1665 h=3fab8742
NETHASH_MOD side=host seq=1800 h=e11dae5e bytes=2024
NETHASH side=host seq=1680 h=8021ca5f
NETHASH side=host seq=1695 h=86b700c5
NETHASH_MOD side=host seq=1840 h=f1c7a85d bytes=2024
NETHASH side=host seq=1710 h=3d2fe779
NETHASH side=host seq=1725 h=43c51ddf
NETHASH_MOD side=host seq=1880 h=7368a33c bytes=2016
NETHASH side=host seq=1740 h=843b60fc
NETHASH side=host seq=1755 h=8ad09762
NETHASH_MOD side=host seq=1920 h=6eaf1a04 bytes=2040
NETHASH side=host seq=1770 h=cb46da7f
NETHASH side=host seq=1785 h=d1dc10e5
NETHASH_MOD side=host seq=1960 h=bcb9135a bytes=2036
NETHASH side=host seq=1800 h=8854f799
NETHASH side=host seq=1815 h=8eea2dff
NETHASH_MOD side=host seq=2000 h=eac995f0 bytes=2032
NETHASH side=host seq=1830 h=cf60711c
NETHASH side=host seq=1845 h=d5f5a782
NETHASH side=host seq=1860 h=166bea9f
NETHASH_MOD side=host seq=2040 h=a2e96a7c bytes=2052
NETHASH side=host seq=1875 h=1d012105
NETHASH side=host seq=1890 h=5d776422
NETHASH_MOD side=host seq=2080 h=70a74f9f bytes=2076
NETHASH side=host seq=1905 h=da0f3e1f
NETHASH side=host seq=1920 h=1a85813c
NETHASH_MOD side=host seq=2120 h=77a4e20a bytes=2056
NETHASH side=host seq=1935 h=211ab7a2
NETHASH side=host seq=1950 h=6190fabf
NETHASH_MOD side=host seq=2160 h=396862bd bytes=2060
NETHASH side=host seq=1965 h=68263125
NETHASH side=host seq=1980 h=a89c7442
NETHASH_MOD side=host seq=2200 h=63d9d0a9 bytes=2048
NETHASH side=host seq=1995 h=af31aaa8
DW_HOUSE_AWAKENS round=2 t=45.0s at=45.0s cd_scale=0.5 ghosts=0
NETHASH side=host seq=2010 h=9c01a7d3
NETHASH_MOD side=host seq=2240 h=11ac67fe bytes=2064
NETHASH side=host seq=2025 h=a296de39
NETHASH side=host seq=2040 h=e30d2156
NETHASH_MOD side=host seq=2280 h=218829b9 bytes=2064
NETHASH side=host seq=2055 h=e9a257bc
NETHASH side=host seq=2070 h=2a189ad9
NETHASH_MOD side=host seq=2320 h=8b7adc09 bytes=2052
NETHASH side=host seq=2085 h=30add13f
NETHASH side=host seq=2100 h=e726b7f3
NETHASH_MOD side=host seq=2360 h=4bfee049 bytes=2052
NETHASH side=host seq=2115 h=edbbee59
NETHASH side=host seq=2130 h=2e323176
NETHASH side=host seq=2145 h=34c767dc
NETHASH_MOD side=host seq=2400 h=055b4784 bytes=2056
NETHASH side=host seq=2160 h=753daaf9
NETHASH side=host seq=2175 h=7bd2e15f
NETHASH_MOD side=host seq=2440 h=901dc435 bytes=2048
NETHASH side=host seq=2190 h=bc49247c
NETHASH side=host seq=2205 h=38e0fe79
NETHASH_MOD side=host seq=2480 h=1b4ffab4 bytes=2060
NETHASH side=host seq=2220 h=79574196
NETHASH side=host seq=2235 h=7fec77fc
NETHASH_MOD side=host seq=2520 h=a5823bde bytes=2064
NETHASH side=host seq=2250 h=c062bb19
NETHASH side=host seq=2265 h=c6f7f17f
NETHASH_MOD side=host seq=2560 h=f6fb3c17 bytes=2068
NETHASH side=host seq=2280 h=076e349c
NETHASH side=host seq=2295 h=0e036b02
NETHASH_MOD side=host seq=2600 h=36fdecbf bytes=2060
NETHASH side=host seq=2310 h=c47c51b6
NETHASH side=host seq=2325 h=cb11881c
NETHASH_MOD side=host seq=2640 h=d49af75d bytes=2064
NETHASH side=host seq=2340 h=0b87cb39
NETHASH side=host seq=2355 h=121d019f
NETHASH_MOD side=host seq=2680 h=2c6e862e bytes=2060
NETHASH side=host seq=2370 h=529344bc
NETHASH side=host seq=2385 h=59287b22
NETHASH side=host seq=2400 h=0fa161d6
NETHASH_MOD side=host seq=2720 h=144b9cc4 bytes=2056
NETHASH side=host seq=2415 h=1636983c
NETHASH side=host seq=2430 h=56acdb59
NETHASH_MOD side=host seq=2760 h=f94d91f1 bytes=2052
KILL_EVENTS n=0 []
DW_MATCH_OVER champ=RED pts=8
NETHASH side=host seq=2445 h=5d4211bf
NETHASH side=host seq=2460 h=9db854dc
NETHASH side=host seq=2475 h=a44d8b42
NETHASH side=host seq=2490 h=e4c3ce5f
NETHASH side=host seq=2505 h=615ba85c
VERIFY_SNAP res://docs/verify/dw_netshots_host/snap_online_host_reckoning_20675.png
NETPROBE_RESULTS RED:pts=5,grudge=3 BLUE:pts=3,grudge=3 GOLD:pts=2,grudge=2 MINT:pts=1,grudge=1
NETPROBE saves restored
NETPROBE_DONE
WARNING: ObjectDB instances leaked at exit (run with --verbose for details).
   at: cleanup (core/object/object.cpp:2641)
