Godot Engine v4.6.2.stable.official.71f334935 - https://godotengine.org
Vulkan 1.4.303 - Forward+ - Using Device #0: NVIDIA - NVIDIA GeForce RTX 4050 Laptop GPU

NET transports: enet ready · steam offline
NET host port=9617 err=0 code=80CNJH addr=192.168.0.101:9617
NETPROBE mode=host
NETCODE 127.0.0.1:8910 -> 0008PE -> 127.0.0.1:8910 PASS
NETCODE 192.168.1.42:8910 -> 8158WE -> 192.168.1.42:8910 PASS
NETCODE 10.0.7.200:8912 -> G00Z42 -> 10.0.7.200:8912 PASS
NETCODE 172.20.3.9:9000 -> T062AT -> 172.20.3.9:9000 PASS
NETCODE 192.168.240.17:11999 -> FG27WZ -> 192.168.240.17:11999 PASS
NETCODE 203.0.113.5:8910 -> '' (public IPv4 shares raw IP:PORT; Steam-code rendezvous is phase 3)
NET peer 985192264 connected
NETPROBE anchor seat1 (0.0,0.1,-2.5)
NETPROBE_TRACE tick=0 p1=(0.000,0.100,-2.500)
NETPROBE seat 1 claimed by peer 985192264
NETPROBE_TRACE tick=30 p1=(-1.700,0.001,-2.500)
NETPROBE_TRACE tick=60 p1=(-3.400,0.001,-2.500)
NETHASH side=host seq=15 h=44c9f264
VERIFY_SNAP res://docs/verify/echo_netshots_host/snap_online_host_claim_0593.png
NETPROBE_TRACE tick=90 p1=(-3.457,0.001,-4.143)
NETPROBE_TRACE tick=120 p1=(-3.457,0.001,-5.843)
NETHASH side=host seq=30 h=879da7cd
NETPROBE_TRACE tick=150 p1=(-1.813,0.001,-5.900)
NETPROBE_TRACE tick=180 p1=(-0.113,0.001,-5.900)
NETHASH side=host seq=45 h=2a47403b
NETPROBE_TRACE tick=210 p1=(-0.000,0.001,-4.313)
NETPROBE_TRACE tick=240 p1=(-0.000,0.001,-2.613)
NETHASH side=host seq=60 h=d3737b2a
NETPROBE_TRACE tick=270 p1=(-0.000,0.001,-2.500)
NETPROBE_TRACE tick=300 p1=(-0.000,0.001,-2.500)
NETPROBE toggle seat=1 ready=true pf=509
NETPROBE seat1 lobby ready=true
VERIFY_SNAP res://docs/verify/echo_netshots_host/snap_online_host_ready_1129.png
NETHASH side=host seq=75 h=7e5be010
NETHASH side=host seq=90 h=033cb7ed
NETHASH side=host seq=105 h=970db5ba
VERIFY_SNAP res://docs/verify/echo_netshots_host/snap_online_host_auction_1455.png
NETHASH side=host seq=120 h=1bee8d97
NETHASH side=host seq=135 h=c6d6f27d
NETHASH side=host seq=150 h=4bb7ca5a
NETHASH side=host seq=165 h=f6a02f40
NETHASH side=host seq=180 h=7b81071d
NETHASH side=host seq=195 h=26696c03
NETHASH side=host seq=210 h=c45115b7
NETHASH side=host seq=225 h=6f397a9d
VERIFY_SNAP res://docs/verify/echo_netshots_host/snap_online_host_gate_2683.png
NETHASH side=host seq=240 h=f41a527a
NETHASH side=host seq=255 h=9f02b760
NETHASH side=host seq=270 h=23e38f3d
ECHO_BEGIN players=4 seed=3300865038 bots=false round_len=30.0
ECHO_ROUND_START round=1 ghosts=0 frame=3214
NETHASH side=host seq=285 h=cecbf423
ECHO_PERF degraded=true avg_ms=17.94 ghosts thinned
NETHASH side=host seq=300 h=6cb39dd7
VERIFY_SNAP res://docs/verify/echo_netshots_host/snap_online_host_game_3392.png
NETHASH_MOD side=host seq=40 h=e07f43a3 bytes=600
NETHASH side=host seq=315 h=179c02bd
ECHO_PARRY parrier=GOLD attacker=MINT ghost=false round=0 t=0.98
VERIFY_SNAP res://docs/verify/echo_netshots_host/snap_net_parry_3559.png
NETHASH side=host seq=330 h=9c7cda9a
NETHASH side=host seq=345 h=47653f80
NETHASH_MOD side=host seq=80 h=503d49a6 bytes=616
NETHASH side=host seq=360 h=cc46175d
NETHASH side=host seq=375 h=772e7c43
NETHASH_MOD side=host seq=120 h=ca77ebb8 bytes=616
NETHASH side=host seq=390 h=fc0f5420
NETHASH side=host seq=405 h=bffe8add
NETHASH_MOD side=host seq=160 h=3ef4aa38 bytes=616
NETHASH side=host seq=420 h=44df62ba
NETHASH side=host seq=435 h=efc7c7a0
ECHO_PARRY parrier=GOLD attacker=MINT ghost=false round=0 t=9.29
NETHASH_MOD side=host seq=200 h=f2828e0d bytes=616
NETHASH side=host seq=450 h=74a89f7d
NETHASH side=host seq=465 h=1f910463
NETHASH_MOD side=host seq=240 h=c4c61097 bytes=612
NETHASH side=host seq=480 h=a471dc40
NETHASH side=host seq=495 h=4f5a4126
NETHASH_MOD side=host seq=280 h=909ac6ef bytes=616
NETHASH side=host seq=510 h=ed41eada
NETHASH side=host seq=525 h=982a4fc0
NETHASH_MOD side=host seq=320 h=3e74c929 bytes=616
NETHASH side=host seq=540 h=1d0b279d
NETHASH side=host seq=555 h=c7f38c83
NETHASH_MOD side=host seq=360 h=a82c1f8b bytes=616
NETHASH side=host seq=570 h=4cd46460
NETHASH side=host seq=585 h=f7bcc946
NETHASH_MOD side=host seq=400 h=045dc51c bytes=624
NETHASH side=host seq=600 h=95a472fa
NETHASH side=host seq=615 h=408cd7e0
NETHASH side=host seq=630 h=c56dafbd
NETHASH_MOD side=host seq=440 h=41a6c285 bytes=624
NETHASH side=host seq=645 h=705614a3
NETHASH side=host seq=660 h=f536ec80
NETHASH_MOD side=host seq=480 h=d21c5231 bytes=620
NETHASH side=host seq=675 h=a01f5166
ECHO_PARRY parrier=MINT attacker=GOLD ghost=false round=0 t=26.50
NETHASH side=host seq=690 h=25002943
NETHASH_MOD side=host seq=520 h=a2bfe3ae bytes=616
NETHASH side=host seq=705 h=e8ef6000
NETHASH side=host seq=720 h=6dd037dd
NETHASH_MOD side=host seq=560 h=a64825e5 bytes=616
ECHO_DETERMINISM round=1 ghosts=0 max_err=0.000000 OK
ECHO_ROUND_END round=1 points={ 0: 0, 1: 3, 2: 12, 3: 8 }
NETHASH side=host seq=735 h=18b89cc3
NETHASH side=host seq=750 h=9d9974a0
NETHASH_MOD side=host seq=600 h=b931c0a8 bytes=588
NETHASH side=host seq=765 h=4881d986
ECHO_ROUND_START round=2 ghosts=4 frame=7693
NETHASH side=host seq=780 h=cd62b163
NETHASH_MOD side=host seq=640 h=8d53776f bytes=736
NETHASH side=host seq=795 h=784b1649
NETHASH side=host seq=810 h=1632bffd
ECHO_BOUNTY_KILL ROUND-1 BLUE KILLED PRESENT BLUE
ECHO_SELF_HAUNT victim=BLUE round=2 (slain by their own recorded ghost)
VERIFY_SNAP res://docs/verify/echo_netshots_host/snap_net_irony_7879.png
ECHO_PARRY parrier=GOLD attacker=GOLD ghost=true round=1 t=1.54
NETHASH_MOD side=host seq=680 h=22773a24 bytes=732
NETHASH side=host seq=825 h=c11b24e3
NETHASH side=host seq=840 h=45fbfcc0
NETHASH_MOD side=host seq=720 h=c083f263 bytes=740
NETHASH side=host seq=855 h=f0e461a6
VERIFY_SNAP res://docs/verify/echo_netshots_host/snap_net_ghosts_8109.png
NETHASH side=host seq=870 h=75c53983
ECHO_GHOST_HEAVY owner=MINT src_round=1 (past heavy replays with 2H arc)
NETHASH_MOD side=host seq=760 h=d2938365 bytes=708
NETHASH side=host seq=885 h=20ad9e69
NETHASH side=host seq=900 h=be95481d
NETHASH_MOD side=host seq=800 h=ca58f035 bytes=712
NETHASH side=host seq=915 h=697dad03
ECHO_PARRY parrier=MINT attacker=GOLD ghost=false round=0 t=9.16
ECHO_RIPOSTE by=MINT victim=GOLD +1 (parry payoff)
NETHASH side=host seq=930 h=ee5e84e0
NETHASH_MOD side=host seq=840 h=a868558a bytes=708
NETHASH side=host seq=945 h=9946e9c6
NETHASH side=host seq=960 h=1e27c1a3
NETHASH_MOD side=host seq=880 h=63bbe7e2 bytes=708
NETHASH side=host seq=975 h=c9102689
NETHASH side=host seq=990 h=4df0fe66
NETHASH_MOD side=host seq=920 h=1acd6ddf bytes=708
NETHASH side=host seq=1005 h=17dbeaea
NETHASH side=host seq=1020 h=9cbcc2c7
NETHASH_MOD side=host seq=960 h=32a0189b bytes=708
NETHASH side=host seq=1035 h=47a527ad
ECHO_BOUNTY_KILL ROUND-1 MINT KILLED PRESENT MINT
ECHO_SELF_HAUNT victim=MINT round=2 (slain by their own recorded ghost)
NETHASH side=host seq=1050 h=cc85ff8a
NETHASH_MOD side=host seq=1000 h=f92962f2 bytes=704
NETHASH side=host seq=1065 h=776e6470
NETHASH side=host seq=1080 h=fc4f3c4d
NETHASH_MOD side=host seq=1040 h=2513d2c1 bytes=676
NETHASH side=host seq=1095 h=a737a133
NETHASH side=host seq=1110 h=451f4ae7
NETHASH_MOD side=host seq=1080 h=744d40ba bytes=644
NETHASH side=host seq=1125 h=f007afcd
NETHASH side=host seq=1140 h=74e887aa
NETHASH_MOD side=host seq=1120 h=03a6bdcd bytes=644
NETHASH side=host seq=1155 h=1fd0ec90
NETHASH side=host seq=1170 h=a4b1c46d
NETHASH_MOD side=host seq=1160 h=f0cb4512 bytes=644
NETHASH side=host seq=1185 h=4f9a2953
NETHASH side=host seq=1200 h=ed81d307
NETHASH_MOD side=host seq=1200 h=dcb859af bytes=640
NETHASH side=host seq=1215 h=986a37ed
ECHO_DETERMINISM round=2 ghosts=4 max_err=0.000000 OK
ECHO_ROUND_END round=2 points={ 0: 0, 1: 4, 2: 20, 3: 22 }
NETHASH side=host seq=1230 h=1d4b0fca
NETHASH_MOD side=host seq=1240 h=229ed5b1 bytes=596
NETHASH side=host seq=1245 h=c83374b0
ECHO_ROUND_START round=3 ghosts=8 frame=9782
NETHASH side=host seq=1260 h=4d144c8d
NETHASH_MOD side=host seq=1280 h=be5dc5fa bytes=872
NETHASH side=host seq=1275 h=f7fcb173
NETHASH side=host seq=1290 h=7cdd8950
ECHO_GHOST_HEAVY owner=MINT src_round=2 (past heavy replays with 2H arc)
NETHASH_MOD side=host seq=1320 h=fce5f7a0 bytes=844
NETHASH side=host seq=1305 h=40ccc00d
NETHASH side=host seq=1320 h=c5ad97ea
NETHASH_MOD side=host seq=1360 h=2d1ce519 bytes=848
NETHASH side=host seq=1335 h=7095fcd0
NETHASH side=host seq=1350 h=f576d4ad
NETHASH_MOD side=host seq=1400 h=56d2e25f bytes=816
NETHASH side=host seq=1365 h=a05f3993
ECHO_BOUNTY_KILL ROUND-2 MINT KILLED PRESENT GOLD
NETHASH side=host seq=1380 h=25401170
NETHASH_MOD side=host seq=1440 h=96f1f49f bytes=812
NETHASH side=host seq=1395 h=d0287656
NETHASH side=host seq=1410 h=6e10200a
NETHASH_MOD side=host seq=1480 h=d74a60a3 bytes=744
NETHASH side=host seq=1425 h=18f884f0
NETHASH side=host seq=1440 h=9dd95ccd
ECHO_BOUNTY_KILL ROUND-2 MINT KILLED PRESENT GOLD
NETHASH_MOD side=host seq=1520 h=45dde2f7 bytes=748
NETHASH side=host seq=1455 h=48c1c1b3
NETHASH side=host seq=1470 h=cda29990
NETHASH_MOD side=host seq=1560 h=cab9d78f bytes=748
NETHASH side=host seq=1485 h=788afe76
NETHASH side=host seq=1500 h=1672a82a
NETHASH_MOD side=host seq=1600 h=4d583501 bytes=744
NETHASH side=host seq=1515 h=c15b0d10
NETHASH side=host seq=1530 h=463be4ed
NETHASH_MOD side=host seq=1640 h=178f589f bytes=716
NETHASH side=host seq=1545 h=f12449d3
NETHASH side=host seq=1560 h=760521b0
NETHASH_MOD side=host seq=1680 h=50ddd4f6 bytes=684
NETHASH side=host seq=1575 h=20ed8696
NETHASH side=host seq=1590 h=a5ce5e73
NETHASH_MOD side=host seq=1720 h=db1a7c71 bytes=656
NETHASH side=host seq=1605 h=69bd9530
NETHASH side=host seq=1620 h=ee9e6d0d
NETHASH_MOD side=host seq=1760 h=6a6c8f6d bytes=656
NETHASH side=host seq=1635 h=9986d1f3
NETHASH side=host seq=1650 h=1e67a9d0
NETHASH_MOD side=host seq=1800 h=2c4139c9 bytes=656
NETHASH side=host seq=1665 h=c9500eb6
NETHASH side=host seq=1680 h=4e30e693
NETHASH_MOD side=host seq=1840 h=9180b640 bytes=656
NETHASH side=host seq=1695 h=f9194b79
ECHO_DETERMINISM round=3 ghosts=8 max_err=0.000000 OK
ECHO_ROUND_END round=3 points={ 0: 0, 1: 4, 2: 28, 3: 35 }
NETHASH side=host seq=1710 h=9700f52d
NETHASH_MOD side=host seq=1880 h=b710d0f1 bytes=600
NETHASH side=host seq=1725 h=41e95a13
NETHASH side=host seq=1740 h=c6ca31f0
ECHO_ROUND_START round=4 ghosts=12 frame=11840
NETHASH_MOD side=host seq=1920 h=21bc2291 bytes=1012
NETHASH side=host seq=1755 h=71b296d6
NETHASH side=host seq=1770 h=f6936eb3
NETHASH_MOD side=host seq=1960 h=20ccba35 bytes=1008
NETHASH side=host seq=1785 h=a17bd399
ECHO_GHOST_HEAVY owner=MINT src_round=2 (past heavy replays with 2H arc)
ECHO_PARRY parrier=GOLD attacker=MINT ghost=true round=2 t=1.48
ECHO_BOUNTY_KILL ROUND-2 GOLD KILLED PRESENT GOLD
ECHO_SELF_HAUNT victim=GOLD round=4 (slain by their own recorded ghost)
NETHASH side=host seq=1800 h=3f637d4d
NETHASH_MOD side=host seq=2000 h=d483f8e4 bytes=936
NETHASH side=host seq=1815 h=ea4be233
ECHO_BOUNTY_KILL ROUND-3 MINT KILLED PRESENT RED
NETHASH side=host seq=1830 h=6f2cba10
VERIFY_SNAP res://docs/verify/echo_netshots_host/snap_net_r5_12264.png
NETHASH_MOD side=host seq=2040 h=919bab63 bytes=900
NETHASH side=host seq=1845 h=1a151ef6
ECHO_BOUNTY_KILL ROUND-1 MINT KILLED PRESENT MINT
ECHO_SELF_HAUNT victim=MINT round=4 (slain by their own recorded ghost)
NETHASH side=host seq=1860 h=9ef5f6d3
NETHASH_MOD side=host seq=2080 h=98a6f998 bytes=836
NETHASH side=host seq=1875 h=49de5bb9
NETHASH side=host seq=1890 h=cebf3396
NETHASH_MOD side=host seq=2120 h=1cd61758 bytes=768
NETHASH side=host seq=1905 h=92ae6a53
NETHASH side=host seq=1920 h=178f4230
NETHASH_MOD side=host seq=2160 h=cdce417f bytes=772
ECHO_PARRY parrier=GOLD attacker=BLUE ghost=true round=1 t=11.95
NETHASH side=host seq=1935 h=c277a716
NETHASH side=host seq=1950 h=47587ef3
ECHO_SHRINK round=4 t=13.51
VERIFY_SNAP res://docs/verify/echo_netshots_host/snap_net_shrink_12793.png
NETHASH_MOD side=host seq=2200 h=99038415 bytes=764
NETHASH side=host seq=1965 h=f240e3d9
NETHASH side=host seq=1980 h=7721bbb6
NETHASH_MOD side=host seq=2240 h=597ba07c bytes=744
NETHASH side=host seq=1995 h=220a209c
NETHASH side=host seq=2010 h=f9d2d707
NETHASH_MOD side=host seq=2280 h=b2957326 bytes=708
NETHASH side=host seq=2025 h=a4bb3bed
NETHASH side=host seq=2040 h=299c13ca
NETHASH_MOD side=host seq=2320 h=c10b5f19 bytes=680
NETHASH side=host seq=2055 h=d48478b0
NETHASH side=host seq=2070 h=5965508d
NETHASH_MOD side=host seq=2360 h=0744413b bytes=652
NETHASH side=host seq=2085 h=044db573
NETHASH side=host seq=2100 h=a2355f27
NETHASH_MOD side=host seq=2400 h=021d41af bytes=652
NETHASH side=host seq=2115 h=4d1dc40d
NETHASH side=host seq=2130 h=d1fe9bea
NETHASH_MOD side=host seq=2440 h=dc8dcd7c bytes=652
NETHASH side=host seq=2145 h=7ce700d0
NETHASH side=host seq=2160 h=01c7d8ad
NETHASH_MOD side=host seq=2480 h=4801ddbe bytes=652
NETHASH side=host seq=2175 h=acb03d93
NETHASH side=host seq=2190 h=31911570
ECHO_DETERMINISM round=4 ghosts=12 max_err=0.000000 OK
ECHO_ROUND_END round=4 points={ 0: 0, 1: 6, 2: 41, 3: 48 }
ECHO_MATCH_OVER champ=MINT placements=[3, 2, 1, 0]
KILL_EVENTS n=28 [{ "killer": 3, "victim": 2, "cause": "crush" }, { "killer": -1, "victim": 0, "cause": "ring_out" }, { "killer": 2, "victim": 3, "cause": "shatter" }, { "killer": 2, "victim": 3, "cause": "shatter" }, { "killer": 1, "victim": 1, "cause": "self_echo" }, { "killer": -1, "victim": 1, "cause": "ring_out" }, { "killer": 3, "victim": 2, "cause": "shatter" }, { "killer": -1, "victim": 0, "cause": "ring_out" }, { "killer": -1, "victim": 1, "cause": "ring_out" }, { "killer": 3, "victim": 3, "cause": "self_echo" }, { "killer": 2, "victim": 3, "cause": "crush" }, { "killer": -1, "victim": 1, "cause": "ring_out" }, { "killer": 3, "victim": 0, "cause": "crush" }, { "killer": 3, "victim": 2, "cause": "shatter" }, { "killer": 3, "victim": 2, "cause": "shatter" }, { "killer": 2, "victim": 3, "cause": "shatter" }, { "killer": -1, "victim": 0, "cause": "ring_out" }, { "killer": -1, "victim": 1, "cause": "ring_out" }, { "killer": 2, "victim": 2, "cause": "self_echo" }, { "killer": -1, "victim": 1, "cause": "ring_out" }, { "killer": 3, "victim": 0, "cause": "crush" }, { "killer": 3, "victim": 3, "cause": "self_echo" }, { "killer": 2, "victim": 1, "cause": "crush" }, { "killer": -1, "victim": 1, "cause": "ring_out" }, { "killer": 3, "victim": 2, "cause": "crush" }, { "killer": 3, "victim": 1, "cause": "shatter" }, { "killer": -1, "victim": 1, "cause": "ring_out" }, { "killer": 3, "victim": 2, "cause": "shatter" }]
VERIFY_SNAP res://docs/verify/echo_netshots_host/snap_net_champ_13894.png
NETHASH side=host seq=2205 h=f5804c2d
NETHASH side=host seq=2220 h=7a61240a
VERIFY_SNAP res://docs/verify/echo_netshots_host/snap_online_host_matchpodium_14014.png
NETHASH side=host seq=2235 h=254988f0
NETHASH side=host seq=2250 h=aa2a60cd
NETHASH side=host seq=2265 h=5512c5b3
VERIFY_SNAP res://docs/verify/echo_netshots_host/snap_online_host_reckoning_14248.png
NETPROBE_RESULTS RED:pts=1,grudge=4 BLUE:pts=2,grudge=6 GOLD:pts=3,grudge=4 MINT:pts=5,grudge=3
NETPROBE saves restored
NETPROBE_DONE
NETHASH side=host seq=2280 h=d9f39d90
WARNING: ObjectDB instances leaked at exit (run with --verbose for details).
   at: cleanup (core/object/object.cpp:2641)
