Godot Engine v4.6.2.stable.official.71f334935 - https://godotengine.org
Vulkan 1.4.303 - Forward+ - Using Device #0: NVIDIA - NVIDIA GeForce RTX 4050 Laptop GPU

NET transports: enet ready · steam offline
NETPROBE mode=join
NETCODE 127.0.0.1:8910 -> 0008PE -> 127.0.0.1:8910 PASS
NETCODE 192.168.1.42:8910 -> 8158WE -> 192.168.1.42:8910 PASS
NETCODE 10.0.7.200:8912 -> G00Z42 -> 10.0.7.200:8912 PASS
NETCODE 172.20.3.9:9000 -> T062AT -> 172.20.3.9:9000 PASS
NETCODE 192.168.240.17:11999 -> FG27WZ -> 192.168.240.17:11999 PASS
NETCODE 203.0.113.5:8910 -> '' (public IPv4 shares raw IP:PORT; Steam-code rendezvous is phase 3)
NET join target=127.0.0.1:9761 err=0 (retries left 20)
NET connected to host as peer 1875779442
NETPROBE tape start (net) seat=1
NETPROBE granted seat 1
NETHASH side=client seq=15 h=9b519db2
NETHASH side=client seq=30 h=5ed432a9
VERIFY_SNAP res://docs/verify/orb_netshots_join/snap_online_client_lobby_0376.png
NETHASH side=client seq=45 h=b2e5f6db
NETHASH side=client seq=60 h=28d5ebd4
NETPROBE client sees own ready=true
NETHASH side=client seq=75 h=299253ba
VERIFY_SNAP res://docs/verify/orb_netshots_join/snap_online_client_ready_0783.png
NETHASH side=client seq=90 h=60a5d217
NETHASH side=client seq=105 h=4d2aee64
VERIFY_SNAP res://docs/verify/orb_netshots_join/snap_online_client_auction_1087.png
NETHASH side=client seq=120 h=843e6cc1
NETHASH side=client seq=135 h=84fad4a7
NETHASH side=client seq=150 h=bc0e5304
NETHASH side=client seq=165 h=bccabaea
NETHASH side=client seq=180 h=f3de3947
NETHASH side=client seq=195 h=f49aa12d
NETHASH side=client seq=210 h=2ce804e1
NETHASH side=client seq=225 h=2da46cc7
VERIFY_SNAP res://docs/verify/orb_netshots_join/snap_online_client_gate_2288.png
NETHASH side=client seq=240 h=64b7eb24
NETHASH side=client seq=255 h=6574530a
NETHASH side=client seq=270 h=9c87d167
NET mirror boot: orbital
ORB_MIRROR boot players=4 my_seat=1
NETHASH side=client seq=285 h=9d44394d
VERIFY_SNAP res://docs/verify/orb_netshots_join/snap_online_client_game_2973.png
NETHASH side=client seq=300 h=d5919d01
NETHASH_MOD side=client seq=40 h=f15a6b7b
NETHASH side=client seq=315 h=d64e04e7
NETHASH side=client seq=330 h=0d618344
NETHASH side=client seq=345 h=0e1deb2a
NETHASH_MOD side=client seq=80 h=24419b60
NETHASH side=client seq=360 h=45316987
NETHASH side=client seq=375 h=45edd16d
NETHASH_MOD side=client seq=120 h=2497a951
NETHASH side=client seq=390 h=7d014fca
NETHASH side=client seq=405 h=7ef79d07
NETHASH_MOD side=client seq=160 h=ddf2269c
NETHASH side=client seq=420 h=b60b1b64
NETHASH side=client seq=435 h=b6c7834a
NETHASH_MOD side=client seq=200 h=d1f1e180
NETHASH side=client seq=450 h=eddb01a7
NETHASH side=client seq=465 h=ee97698d
NETHASH_MOD side=client seq=240 h=9158906b
NETHASH side=client seq=480 h=25aae7ea
NETHASH side=client seq=495 h=26674fd0
NETHASH_MOD side=client seq=280 h=f8cac1d6
NETHASH side=client seq=510 h=5eb4b384
NETHASH side=client seq=525 h=5f711b6a
NETHASH_MOD side=client seq=320 h=19665b74
NETHASH side=client seq=540 h=968499c7
VERIFY_SNAP res://docs/verify/orb_netshots_join/snap_orb_mirror_heat_5385.png
NETHASH side=client seq=555 h=974101ad
NETHASH_MOD side=client seq=360 h=1a480250
NETHASH side=client seq=570 h=ce54800a
NETHASH side=client seq=585 h=cf10e7f0
NETHASH side=client seq=600 h=075e4ba4
NETHASH_MOD side=client seq=400 h=11bed734
NETHASH side=client seq=615 h=081ab38a
NETHASH side=client seq=630 h=3f2e31e7
NETHASH_MOD side=client seq=440 h=6e0176f7
NETHASH side=client seq=645 h=3fea99cd
NETHASH side=client seq=660 h=76fe182a
NETHASH_MOD side=client seq=480 h=9ba77123
NETHASH side=client seq=675 h=77ba8010
NETHASH side=client seq=690 h=aecdfe6d
NETHASH_MOD side=client seq=520 h=9963fa18
NETHASH side=client seq=705 h=b0c44baa
NETHASH side=client seq=720 h=e7d7ca07
NETHASH_MOD side=client seq=560 h=dd4fc8dc
NETHASH side=client seq=735 h=e89431ed
NETHASH side=client seq=750 h=1fa7b04a
NETHASH_MOD side=client seq=600 h=37bd3aa4
NETHASH side=client seq=765 h=20641830
NETHASH side=client seq=780 h=5777968d
NETHASH_MOD side=client seq=640 h=a529d31f
NETHASH side=client seq=795 h=5833fe73
VERIFY_SNAP res://docs/verify/orb_netshots_join/snap_orb_mirror_catch_7984.png
NETHASH side=client seq=810 h=90816227
NETHASH_MOD side=client seq=680 h=f1832a33
NETHASH side=client seq=825 h=913dca0d
NETHASH side=client seq=840 h=c851486a
NETHASH side=client seq=855 h=c90db050
NETHASH_MOD side=client seq=720 h=01097596
NETHASH side=client seq=870 h=00212ead
NETHASH side=client seq=885 h=00dd9693
NETHASH_MOD side=client seq=760 h=834b66d6
NETHASH side=client seq=900 h=392afa47
NETHASH side=client seq=915 h=39e7622d
NETHASH_MOD side=client seq=800 h=b83a687f
NETHASH side=client seq=930 h=70fae08a
NETHASH side=client seq=945 h=71b74870
NETHASH_MOD side=client seq=840 h=39559d86
NETHASH side=client seq=960 h=a8cac6cd
NETHASH side=client seq=975 h=a9872eb3
NETHASH_MOD side=client seq=880 h=8cb36e3a
NETHASH side=client seq=990 h=e09aad10
NETHASH side=client seq=1005 h=47703b94
NETHASH_MOD side=client seq=920 h=cdb6a480
NETHASH side=client seq=1020 h=7e83b9f1
NETHASH side=client seq=1035 h=7f4021d7
NETHASH_MOD side=client seq=960 h=db09c31b
NETHASH side=client seq=1050 h=b653a034
NETHASH side=client seq=1065 h=b710081a
NETHASH_MOD side=client seq=1000 h=dff16622
NETHASH side=client seq=1080 h=ee238677
NETHASH side=client seq=1095 h=eedfee5d
NETHASH side=client seq=1110 h=272d5211
NETHASH_MOD side=client seq=1040 h=e2dfb298
NETHASH side=client seq=1125 h=27e9b9f7
NETHASH side=client seq=1140 h=5efd3854
NETHASH_MOD side=client seq=1080 h=f63cb04c
NETHASH side=client seq=1155 h=5fb9a03a
NETHASH side=client seq=1170 h=96cd1e97
NETHASH_MOD side=client seq=1120 h=690894b8
NETHASH side=client seq=1185 h=9789867d
NETHASH side=client seq=1200 h=cfd6ea31
NETHASH_MOD side=client seq=1160 h=03e1ef82
NETHASH side=client seq=1215 h=d0935217
NETHASH side=client seq=1230 h=07a6d074
NETHASH_MOD side=client seq=1200 h=88c48d1b
NETHASH side=client seq=1245 h=0863385a
NETHASH side=client seq=1260 h=3f76b6b7
NETHASH_MOD side=client seq=1240 h=faad9943
NETHASH side=client seq=1275 h=40331e9d
NETHASH side=client seq=1290 h=77469cfa
NETHASH_MOD side=client seq=1280 h=0de1a4b7
NETHASH side=client seq=1305 h=793cea37
NETHASH side=client seq=1320 h=b0506894
NETHASH_MOD side=client seq=1320 h=a6c1725e
NETHASH side=client seq=1335 h=b10cd07a
NETHASH side=client seq=1350 h=e8204ed7
NETHASH side=client seq=1365 h=e8dcb6bd
NETHASH_MOD side=client seq=1360 h=22def5f8
NETHASH side=client seq=1380 h=1ff0351a
NETHASH side=client seq=1395 h=20ac9d00
NETHASH_MOD side=client seq=1400 h=2bd3933d
NETHASH side=client seq=1410 h=58fa00b4
NETHASH side=client seq=1425 h=59b6689a
NETHASH_MOD side=client seq=1440 h=66784015
NETHASH side=client seq=1440 h=90c9e6f7
NETHASH side=client seq=1455 h=91864edd
NETHASH_MOD side=client seq=1480 h=57253c2f
NETHASH side=client seq=1470 h=c899cd3a
NETHASH side=client seq=1485 h=c9563520
NETHASH_MOD side=client seq=1520 h=b17f1e3c
NETHASH side=client seq=1500 h=01a398d4
NETHASH side=client seq=1515 h=026000ba
NETHASH_MOD side=client seq=1560 h=808d0446
NETHASH side=client seq=1530 h=39737f17
NETHASH side=client seq=1545 h=3a2fe6fd
NETHASH_MOD side=client seq=1600 h=454943db
NETHASH side=client seq=1560 h=7143655a
NETHASH side=client seq=1575 h=71ffcd40
NETHASH_MOD side=client seq=1640 h=61631e94
NETHASH side=client seq=1590 h=a9134b9d
NETHASH side=client seq=1605 h=ab0998da
NETHASH side=client seq=1620 h=e21d1737
NETHASH_MOD side=client seq=1680 h=30dbd029
NETHASH side=client seq=1635 h=e2d97f1d
NETHASH side=client seq=1650 h=19ecfd7a
NETHASH_MOD side=client seq=1720 h=3d3be790
NETHASH side=client seq=1665 h=1aa96560
NETHASH side=client seq=1680 h=51bce3bd
NETHASH_MOD side=client seq=1760 h=867f3832
NETHASH side=client seq=1695 h=52794ba3
NETHASH side=client seq=1710 h=8ac6af57
NETHASH_MOD side=client seq=1800 h=b04834e9
NETHASH side=client seq=1725 h=8b83173d
NETHASH side=client seq=1740 h=c296959a
NETHASH_MOD side=client seq=1840 h=2de89879
NETHASH side=client seq=1755 h=c352fd80
NETHASH side=client seq=1770 h=fa667bdd
NETHASH_MOD side=client seq=1880 h=f6b1be54
NETHASH side=client seq=1785 h=fb22e3c3
NETHASH side=client seq=1800 h=33704777
NETHASH_MOD side=client seq=1920 h=071ef7a5
NETHASH side=client seq=1815 h=342caf5d
NETHASH side=client seq=1830 h=6b402dba
NETHASH_MOD side=client seq=1960 h=42f90db9
NETHASH side=client seq=1845 h=6bfc95a0
NETHASH side=client seq=1860 h=a31013fd
NETHASH side=client seq=1875 h=a3cc7be3
NETHASH_MOD side=client seq=2000 h=cb0ec720
NETHASH side=client seq=1890 h=dadffa40
NETHASH side=client seq=1905 h=dcd6477d
NETHASH_MOD side=client seq=2040 h=85cf376a
NETHASH side=client seq=1920 h=13e9c5da
NETHASH side=client seq=1935 h=14a62dc0
NETHASH_MOD side=client seq=2080 h=d9ae03d8
NETHASH side=client seq=1950 h=4bb9ac1d
NETHASH side=client seq=1965 h=4c761403
NETHASH_MOD side=client seq=2120 h=087db709
NETHASH side=client seq=1980 h=83899260
NETHASH side=client seq=1995 h=8445fa46
NETHASH_MOD side=client seq=2160 h=5882635d
NETHASH side=client seq=2010 h=e509ee31
NETHASH side=client seq=2025 h=e5c65617
NETHASH_MOD side=client seq=2200 h=809f58dd
NETHASH side=client seq=2040 h=1cd9d474
NETHASH side=client seq=2055 h=1d963c5a
NETHASH_MOD side=client seq=2240 h=5f782061
NETHASH side=client seq=2070 h=54a9bab7
NETHASH side=client seq=2085 h=5566229d
NETHASH_MOD side=client seq=2280 h=44165d5e
NETHASH side=client seq=2100 h=8db38651
NETHASH side=client seq=2115 h=8e6fee37
NETHASH side=client seq=2130 h=c5836c94
NETHASH_MOD side=client seq=2320 h=d0a98380
NETHASH side=client seq=2145 h=c63fd47a
NETHASH side=client seq=2160 h=fd5352d7
NETHASH_MOD side=client seq=2360 h=5870faaa
NETHASH side=client seq=2175 h=fe0fbabd
NETHASH side=client seq=2190 h=3523391a
NETHASH_MOD side=client seq=2400 h=6dfe611f
NETHASH side=client seq=2205 h=37198657
NETHASH side=client seq=2220 h=6e2d04b4
NETHASH_MOD side=client seq=2440 h=3148369f
NETHASH side=client seq=2235 h=6ee96c9a
NETHASH side=client seq=2250 h=a5fceaf7
NETHASH_MOD side=client seq=2480 h=ec8ee3e4
NETHASH side=client seq=2265 h=a6b952dd
NETHASH side=client seq=2280 h=ddccd13a
NETHASH_MOD side=client seq=2520 h=99f55bf6
NETHASH side=client seq=2295 h=de893920
NETHASH side=client seq=2310 h=16d69cd4
NETHASH_MOD side=client seq=2560 h=a99d8a37
NETHASH side=client seq=2325 h=179304ba
NETHASH side=client seq=2340 h=4ea68317
NETHASH_MOD side=client seq=2600 h=cb06d1b1
NETHASH side=client seq=2355 h=4f62eafd
NETHASH side=client seq=2370 h=8676695a
NETHASH side=client seq=2385 h=8732d140
NETHASH_MOD side=client seq=2640 h=9e897cf9
NETHASH side=client seq=2400 h=bf8034f4
NETHASH side=client seq=2415 h=c03c9cda
NETHASH_MOD side=client seq=2680 h=0b11f3aa
NETHASH side=client seq=2430 h=f7501b37
NETHASH side=client seq=2445 h=f80c831d
NETHASH_MOD side=client seq=2720 h=8aaa1fb6
NETHASH side=client seq=2460 h=2f20017a
VERIFY_SNAP res://docs/verify/orb_netshots_join/snap_orb_mirror_finalorbit_24653.png
NETHASH side=client seq=2475 h=2fdc6960
NETHASH_MOD side=client seq=2760 h=b1b7e910
NETHASH side=client seq=2490 h=66efe7bd
NETHASH side=client seq=2505 h=68e634fa
NETHASH_MOD side=client seq=2800 h=a238108f
NETHASH side=client seq=2520 h=9ff9b357
NETHASH side=client seq=2535 h=a0b61b3d
NETHASH_MOD side=client seq=2840 h=53885df7
NETHASH side=client seq=2550 h=d7c9999a
NETHASH side=client seq=2565 h=d8860180
NETHASH_MOD side=client seq=2880 h=720be49b
NETHASH side=client seq=2580 h=0f997fdd
NETHASH side=client seq=2595 h=1055e7c3
NETHASH side=client seq=2610 h=48a34b77
NETHASH_MOD side=client seq=2920 h=ef5d2e69
NETHASH side=client seq=2625 h=495fb35d
NETHASH side=client seq=2640 h=807331ba
NETHASH_MOD side=client seq=2960 h=f3be43b9
NETHASH side=client seq=2655 h=812f99a0
NETHASH side=client seq=2670 h=b84317fd
NETHASH_MOD side=client seq=3000 h=5c07aea3
NETHASH side=client seq=2685 h=b8ff7fe3
NETHASH side=client seq=2700 h=f14ce397
NETHASH_MOD side=client seq=3040 h=ca36d5f7
NETHASH side=client seq=2715 h=f2094b7d
NETHASH side=client seq=2730 h=291cc9da
NETHASH_MOD side=client seq=3080 h=ee642dc8
NETHASH side=client seq=2745 h=29d931c0
NETHASH side=client seq=2760 h=60ecb01d
NETHASH_MOD side=client seq=3120 h=85ab4767
NETHASH side=client seq=2775 h=61a91803
NETHASH side=client seq=2790 h=98bc9660
NETHASH_MOD side=client seq=3160 h=7fb707d7
NETHASH side=client seq=2805 h=9ab2e39d
NETHASH side=client seq=2820 h=d1c661fa
NETHASH_MOD side=client seq=3200 h=144814b3
NETHASH side=client seq=2835 h=d282c9e0
NETHASH side=client seq=2850 h=0996483d
NETHASH side=client seq=2865 h=0a52b023
NETHASH_MOD side=client seq=3240 h=1e394e1e
NETHASH side=client seq=2880 h=41662e80
NETHASH side=client seq=2895 h=42229666
NETHASH_MOD side=client seq=3280 h=dc3c1dd5
NETHASH side=client seq=2910 h=7a6ffa1a
NET ceremony stage: match_podium
NET mirror fold
NETHASH side=client seq=2925 h=7b2c6200
VERIFY_SNAP res://docs/verify/orb_netshots_join/snap_online_client_matchpodium_29355.png
NETHASH side=client seq=2940 h=b23fe05d
NETHASH side=client seq=2955 h=b2fc4843
NETHASH side=client seq=2970 h=ea0fc6a0
NETHASH side=client seq=2985 h=eacc2e86
VERIFY_SNAP res://docs/verify/orb_netshots_join/snap_online_client_reckoning_29864.png
NETHASH side=client seq=3000 h=4b902271
NETPROBE_CLIENT_DONE
