Godot Engine v4.6.2.stable.official.71f334935 - https://godotengine.org
Vulkan 1.4.303 - Forward+ - Using Device #0: NVIDIA - NVIDIA GeForce RTX 4050 Laptop GPU

NETPROBE mode=join
NETCODE 127.0.0.1:8910 -> 0008PE -> 127.0.0.1:8910 PASS
NETCODE 192.168.1.42:8910 -> 8158WE -> 192.168.1.42:8910 PASS
NETCODE 10.0.7.200:8912 -> G00Z42 -> 10.0.7.200:8912 PASS
NETCODE 172.20.3.9:9000 -> T062AT -> 172.20.3.9:9000 PASS
NETCODE 192.168.240.17:11999 -> FG27WZ -> 192.168.240.17:11999 PASS
NETCODE 203.0.113.5:8910 -> '' (public IPv4 shares raw IP:PORT; Steam-code rendezvous is phase 3)
NET join target=127.0.0.1:8910 err=0 (retries left 20)
NET connected to host as peer 93722908
NETPROBE tape start (net) seat=1
NETPROBE granted seat 1
NETHASH side=client seq=15 h=72d4cf98
NETHASH side=client seq=30 h=ab82fce9
VERIFY_SNAP res://docs/verify/greed_netshots_join/snap_online_client_lobby_0385.png
NETHASH side=client seq=45 h=8c9ebab1
NETHASH side=client seq=60 h=58646c8f
NETPROBE client sees own ready=true
NETHASH side=client seq=75 h=5ef9a2f5
VERIFY_SNAP res://docs/verify/greed_netshots_join/snap_online_client_ready_0791.png
NETHASH side=client seq=90 h=9f6fe612
NETHASH side=client seq=105 h=6b778b1f
NETHASH side=client seq=120 h=abedce3c
NETHASH side=client seq=135 h=b28304a2
NETHASH side=client seq=150 h=f2f947bf
NETHASH side=client seq=165 h=f98e7e25
NETHASH side=client seq=180 h=3a04c142
NETHASH side=client seq=195 h=4099f7a8
NETHASH side=client seq=210 h=f712de5c
NETHASH side=client seq=225 h=fda814c2
VERIFY_SNAP res://docs/verify/greed_netshots_join/snap_online_client_gate_2341.png
NETHASH side=client seq=240 h=3e1e57df
NETHASH side=client seq=255 h=44b38e45
NETHASH side=client seq=270 h=8529d162
NET mirror boot: greed
GREED_MIRROR boot players=4 my_seat=1
NETHASH side=client seq=285 h=8bbf07c8
NETHASH side=client seq=300 h=4237ee7c
VERIFY_SNAP res://docs/verify/greed_netshots_join/snap_online_client_game_3060.png
NETHASH_MOD side=client seq=40 h=4e51f80d
NETHASH side=client seq=315 h=48cd24e2
NETHASH side=client seq=330 h=894367ff
NETHASH side=client seq=345 h=8fd89e65
NETHASH_MOD side=client seq=80 h=41b15152
NETHASH side=client seq=360 h=d04ee182
VERIFY_SNAP res://docs/verify/greed_netshots_join/snap_greed_mirror_carry_3632.png
NETHASH side=client seq=375 h=d6e417e8
VERIFY_SNAP res://docs/verify/greed_netshots_join/snap_greed_mirror_bank_3776.png
NETHASH_MOD side=client seq=120 h=97d52e52
NETHASH side=client seq=390 h=175a5b05
NETHASH side=client seq=405 h=93f23502
NETHASH_MOD side=client seq=160 h=d4413edc
NETHASH side=client seq=420 h=d468781f
NETHASH side=client seq=435 h=dafdae85
NETHASH_MOD side=client seq=200 h=2048e8ba
NETHASH side=client seq=450 h=1b73f1a2
NETHASH side=client seq=465 h=22092808
NETHASH_MOD side=client seq=240 h=9d4ecbb7
NETHASH side=client seq=480 h=627f6b25
NETHASH side=client seq=495 h=6914a18b
NETHASH_MOD side=client seq=280 h=4692ffb0
NETHASH side=client seq=510 h=1f8d883f
NETHASH side=client seq=525 h=2622bea5
NETHASH_MOD side=client seq=320 h=2bdd7160
NETHASH side=client seq=540 h=669901c2
NETHASH side=client seq=555 h=6d2e3828
NETHASH_MOD side=client seq=360 h=5877ace0
NETHASH side=client seq=570 h=ada47b45
NETHASH side=client seq=585 h=b439b1ab
NETHASH side=client seq=600 h=6ab2985f
NETHASH_MOD side=client seq=400 h=a1ed5fc3
NETHASH side=client seq=615 h=7147cec5
NETHASH side=client seq=630 h=b1be11e2
NETHASH_MOD side=client seq=440 h=54feb85d
NETHASH side=client seq=645 h=b8534848
NETHASH side=client seq=660 h=f8c98b65
NETHASH_MOD side=client seq=480 h=783c4c40
NETHASH side=client seq=675 h=ff5ec1cb
NETHASH side=client seq=690 h=3fd504e8
NETHASH_MOD side=client seq=520 h=aef81bb6
NETHASH side=client seq=705 h=bc6cdee5
NETHASH side=client seq=720 h=fce32202
NETHASH_MOD side=client seq=560 h=433b1ed2
NETHASH side=client seq=735 h=03785868
NETHASH side=client seq=750 h=43ee9b85
NETHASH_MOD side=client seq=600 h=dc0a012a
NETHASH side=client seq=765 h=4a83d1eb
NETHASH side=client seq=780 h=8afa1508
NETHASH_MOD side=client seq=640 h=26b917d6
NETHASH side=client seq=795 h=918f4b6e
NETHASH side=client seq=810 h=48083222
NETHASH_MOD side=client seq=680 h=50026e27
NETHASH side=client seq=825 h=4e9d6888
NETHASH side=client seq=840 h=8f13aba5
NETHASH side=client seq=855 h=95a8e20b
NETHASH_MOD side=client seq=720 h=b1e340b4
NETHASH side=client seq=870 h=d61f2528
NETHASH side=client seq=885 h=dcb45b8e
NETHASH_MOD side=client seq=760 h=f57e444b
NETHASH side=client seq=900 h=932d4242
NETHASH side=client seq=915 h=99c278a8
NETHASH_MOD side=client seq=800 h=dc438a2c
NETHASH side=client seq=930 h=da38bbc5
NETHASH side=client seq=945 h=e0cdf22b
NETHASH_MOD side=client seq=840 h=1b2f469c
NETHASH side=client seq=960 h=21443548
VERIFY_SNAP res://docs/verify/greed_netshots_join/snap_greed_mirror_drop_9755.png
NETHASH side=client seq=975 h=27d96bae
NETHASH_MOD side=client seq=880 h=f3c87901
NETHASH side=client seq=990 h=684faecb
NETHASH side=client seq=1005 h=58a7cc4f
NETHASH_MOD side=client seq=920 h=bd18c84e
NETHASH side=client seq=1020 h=991e0f6c
NETHASH side=client seq=1035 h=9fb345d2
NETHASH_MOD side=client seq=960 h=cf75faea
NETHASH side=client seq=1050 h=e02988ef
NETHASH side=client seq=1065 h=e6bebf55
NETHASH_MOD side=client seq=1000 h=1fda9be0
NETHASH side=client seq=1080 h=27350272
NETHASH side=client seq=1095 h=2dca38d8
NETHASH side=client seq=1110 h=e4431f8c
NETHASH_MOD side=client seq=1040 h=476f6244
NETHASH side=client seq=1125 h=ead855f2
NETHASH side=client seq=1140 h=2b4e990f
NETHASH_MOD side=client seq=1080 h=2426e8ab
NETHASH side=client seq=1155 h=31e3cf75
NETHASH side=client seq=1170 h=725a1292
NETHASH_MOD side=client seq=1120 h=f3594842
NETHASH side=client seq=1185 h=78ef48f8
NETHASH side=client seq=1200 h=2f682fac
NETHASH_MOD side=client seq=1160 h=85905931
NETHASH side=client seq=1215 h=35fd6612
NETHASH side=client seq=1230 h=7673a92f
NETHASH_MOD side=client seq=1200 h=c3c31d47
NETHASH side=client seq=1245 h=7d08df95
NETHASH side=client seq=1260 h=bd7f22b2
NETHASH_MOD side=client seq=1240 h=53e3470f
NETHASH side=client seq=1275 h=c4145918
NETHASH side=client seq=1290 h=048a9c35
NETHASH_MOD side=client seq=1280 h=055f1c0a
NETHASH side=client seq=1305 h=81227632
NETHASH side=client seq=1320 h=c198b94f
NETHASH_MOD side=client seq=1320 h=f38eee44
NETHASH side=client seq=1335 h=c82defb5
NETHASH side=client seq=1350 h=08a432d2
NETHASH_MOD side=client seq=1360 h=44dc86c7
NETHASH side=client seq=1365 h=0f396938
NETHASH side=client seq=1380 h=4fafac55
VERIFY_SNAP res://docs/verify/greed_netshots_join/snap_greed_mirror_bell_13813.png
NETHASH side=client seq=1395 h=5644e2bb
NETHASH_MOD side=client seq=1400 h=9c09603f
NETHASH side=client seq=1410 h=0cbdc96f
NETHASH side=client seq=1425 h=1352ffd5
NETHASH_MOD side=client seq=1440 h=70387eba
NETHASH side=client seq=1440 h=53c942f2
NETHASH side=client seq=1455 h=5a5e7958
NETHASH_MOD side=client seq=1480 h=6908d569
NETHASH side=client seq=1470 h=9ad4bc75
NETHASH side=client seq=1485 h=a169f2db
NETHASH_MOD side=client seq=1520 h=42b0245d
NETHASH side=client seq=1500 h=57e2d98f
NETHASH side=client seq=1515 h=5e780ff5
NETHASH_MOD side=client seq=1560 h=d7092464
NETHASH side=client seq=1530 h=9eee5312
NETHASH side=client seq=1545 h=a5838978
NETHASH_MOD side=client seq=1600 h=41eb5597
NETHASH side=client seq=1560 h=e5f9cc95
NETHASH side=client seq=1575 h=ec8f02fb
NETHASH_MOD side=client seq=1640 h=fd783280
NETHASH side=client seq=1590 h=2d054618
NETHASH side=client seq=1605 h=a99d2015
NETHASH_MOD side=client seq=1680 h=7a1e9a8b
NETHASH side=client seq=1620 h=ea136332
NETHASH side=client seq=1635 h=f0a89998
NETHASH side=client seq=1650 h=311edcb5
NETHASH_MOD side=client seq=1720 h=fa8c9046
NETHASH side=client seq=1665 h=37b4131b
NETHASH side=client seq=1680 h=782a5638
NETHASH_MOD side=client seq=1760 h=9366a783
NETHASH side=client seq=1695 h=7ebf8c9e
NETHASH side=client seq=1710 h=35387352
NETHASH_MOD side=client seq=1800 h=e4a3369a
NETHASH side=client seq=1725 h=3bcda9b8
NETHASH side=client seq=1740 h=7c43ecd5
NETHASH_MOD side=client seq=1840 h=5b76eddb
NETHASH side=client seq=1755 h=82d9233b
NETHASH side=client seq=1770 h=c34f6658
NETHASH_MOD side=client seq=1880 h=881a783d
NETHASH side=client seq=1785 h=c9e49cbe
NETHASH side=client seq=1800 h=805d8372
NETHASH_MOD side=client seq=1920 h=61c2dba1
NETHASH side=client seq=1815 h=86f2b9d8
NETHASH side=client seq=1830 h=c768fcf5
NETHASH_MOD side=client seq=1960 h=abaf38d6
NETHASH side=client seq=1845 h=cdfe335b
NETHASH side=client seq=1860 h=0e747678
NETHASH_MOD side=client seq=2000 h=23d04729
NETHASH side=client seq=1875 h=1509acde
NETHASH side=client seq=1890 h=557feffb
NETHASH side=client seq=1905 h=d217c9f8
NETHASH_MOD side=client seq=2040 h=4c593398
NETHASH side=client seq=1920 h=128e0d15
NETHASH side=client seq=1935 h=1923437b
NETHASH_MOD side=client seq=2080 h=adee08a8
NETHASH side=client seq=1950 h=59998698
NETHASH side=client seq=1965 h=602ebcfe
NETHASH_MOD side=client seq=2120 h=f25af667
NETHASH side=client seq=1980 h=a0a5001b
NETHASH side=client seq=1995 h=a73a3681
NETHASH_MOD side=client seq=2160 h=dc226229
NETHASH side=client seq=2010 h=940a33ac
NETHASH side=client seq=2025 h=9a9f6a12
NETHASH_MOD side=client seq=2200 h=6f4f0936
NETHASH side=client seq=2040 h=db15ad2f
NETHASH side=client seq=2055 h=e1aae395
NETHASH_MOD side=client seq=2240 h=305d2c0e
NETHASH side=client seq=2070 h=222126b2
NETHASH side=client seq=2085 h=28b65d18
NETHASH_MOD side=client seq=2280 h=471105f3
NETHASH side=client seq=2100 h=df2f43cc
NETHASH side=client seq=2115 h=e5c47a32
NETHASH side=client seq=2130 h=263abd4f
NETHASH_MOD side=client seq=2320 h=cfaf3f9c
NETHASH side=client seq=2145 h=2ccff3b5
NETHASH side=client seq=2160 h=6d4636d2
NETHASH_MOD side=client seq=2360 h=04f4c653
NETHASH side=client seq=2175 h=73db6d38
NETHASH side=client seq=2190 h=b451b055
NETHASH_MOD side=client seq=2400 h=6a1ae5d7
NETHASH side=client seq=2205 h=30e98a52
NETHASH side=client seq=2220 h=715fcd6f
NETHASH_MOD side=client seq=2440 h=6cc85463
NETHASH side=client seq=2235 h=77f503d5
NETHASH side=client seq=2250 h=b86b46f2
NETHASH_MOD side=client seq=2480 h=ff730214
NETHASH side=client seq=2265 h=bf007d58
NETHASH side=client seq=2280 h=ff76c075
NETHASH_MOD side=client seq=2520 h=d1ac17f9
NETHASH side=client seq=2295 h=060bf6db
NETHASH side=client seq=2310 h=bc84dd8f
NETHASH_MOD side=client seq=2560 h=283c823e
NETHASH side=client seq=2325 h=c31a13f5
NETHASH side=client seq=2340 h=03905712
NETHASH_MOD side=client seq=2600 h=619528c6
NETHASH side=client seq=2355 h=0a258d78
NETHASH side=client seq=2370 h=4a9bd095
NETHASH side=client seq=2385 h=513106fb
NETHASH_MOD side=client seq=2640 h=2c8d41f9
NETHASH side=client seq=2400 h=07a9edaf
NETHASH side=client seq=2415 h=0e3f2415
NETHASH_MOD side=client seq=2680 h=d7193985
NETHASH side=client seq=2430 h=4eb56732
NETHASH side=client seq=2445 h=554a9d98
NETHASH_MOD side=client seq=2720 h=58ff562a
NETHASH side=client seq=2460 h=95c0e0b5
NETHASH side=client seq=2475 h=9c56171b
NETHASH_MOD side=client seq=2760 h=1f760ab0
NETHASH side=client seq=2490 h=dccc5a38
NETHASH side=client seq=2505 h=59643435
NETHASH_MOD side=client seq=2800 h=711cbc6f
NETHASH side=client seq=2520 h=99da7752
NETHASH side=client seq=2535 h=a06fadb8
NETHASH_MOD side=client seq=2840 h=6af63a5b
NETHASH side=client seq=2550 h=e0e5f0d5
NETHASH side=client seq=2565 h=e77b273b
NETHASH_MOD side=client seq=2880 h=0dea5b0b
NETHASH side=client seq=2580 h=27f16a58
NETHASH side=client seq=2595 h=2e86a0be
NETHASH_MOD side=client seq=2920 h=2949a323
NETHASH side=client seq=2610 h=e4ff8772
NETHASH side=client seq=2625 h=eb94bdd8
NETHASH side=client seq=2640 h=2c0b00f5
NETHASH_MOD side=client seq=2960 h=bf27b623
NETHASH side=client seq=2655 h=32a0375b
NETHASH side=client seq=2670 h=73167a78
NETHASH_MOD side=client seq=3000 h=094b55b1
NETHASH side=client seq=2685 h=79abb0de
NETHASH side=client seq=2700 h=30249792
NETHASH_MOD side=client seq=3040 h=b1f2fba6
NETHASH side=client seq=2715 h=36b9cdf8
NETHASH side=client seq=2730 h=77301115
NETHASH_MOD side=client seq=3080 h=f2f71791
NETHASH side=client seq=2745 h=7dc5477b
NETHASH side=client seq=2760 h=be3b8a98
NETHASH_MOD side=client seq=3120 h=5219e56b
NETHASH side=client seq=2775 h=c4d0c0fe
NETHASH side=client seq=2790 h=0547041b
NETHASH_MOD side=client seq=3160 h=b474d6f6
NETHASH side=client seq=2805 h=81dede18
NETHASH side=client seq=2820 h=c2552135
NETHASH_MOD side=client seq=3200 h=3a6a75f5
NETHASH side=client seq=2835 h=c8ea579b
NETHASH side=client seq=2850 h=09609ab8
NETHASH_MOD side=client seq=3240 h=37a51748
NETHASH side=client seq=2865 h=0ff5d11e
NETHASH side=client seq=2880 h=506c143b
NETHASH_MOD side=client seq=3280 h=a0543486
NETHASH side=client seq=2895 h=57014aa1
NETHASH side=client seq=2910 h=0d7a3155
NETHASH side=client seq=2925 h=140f67bb
NETHASH_MOD side=client seq=3320 h=5c051e08
NETHASH side=client seq=2940 h=5485aad8
NETHASH side=client seq=2955 h=5b1ae13e
NETHASH_MOD side=client seq=3360 h=457e3da6
NETHASH side=client seq=2970 h=9b91245b
NETHASH side=client seq=2985 h=a2265ac1
NETHASH_MOD side=client seq=3400 h=a0e2d844
NETHASH side=client seq=3000 h=8ef657ec
NETHASH side=client seq=3015 h=958b8e52
NETHASH_MOD side=client seq=3440 h=754ae209
NETHASH side=client seq=3030 h=d601d16f
NETHASH side=client seq=3045 h=dc9707d5
NETHASH_MOD side=client seq=3480 h=c32f3f0d
NETHASH side=client seq=3060 h=1d0d4af2
NETHASH side=client seq=3075 h=23a28158
NETHASH_MOD side=client seq=3520 h=d0f4b2e8
NETHASH side=client seq=3090 h=6418c475
NETHASH side=client seq=3105 h=e0b09e72
NETHASH_MOD side=client seq=3560 h=1ed90fec
NET mirror fold
NETHASH side=client seq=3120 h=2126e18f
NETHASH side=client seq=3135 h=27bc17f5
NETHASH side=client seq=3150 h=68325b12
NETHASH side=client seq=3165 h=6ec79178
NETHASH side=client seq=3180 h=af3dd495
NETHASH side=client seq=3195 h=b5d30afb
VERIFY_SNAP res://docs/verify/greed_netshots_join/snap_online_client_reckoning_31303.png
NETPROBE_CLIENT_DONE
